\BOOKMARK [0][-]{chapter.1}{\376\377\0001\000\040\000d\000o\000\137\000i\000t}{}% 1
\BOOKMARK [1][-]{section.1.1}{\376\377\0001\000.\0001\000\040\000G\000e\000t\000t\000i\000n\000g\000\040\000S\000t\000a\000r\000t\000e\000d}{chapter.1}% 2
\BOOKMARK [0][-]{chapter.2}{\376\377\0002\000\040\000C\000l\000a\000s\000s\000\040\000I\000n\000d\000e\000x}{}% 3
\BOOKMARK [1][-]{section.2.1}{\376\377\0002\000.\0001\000\040\000C\000l\000a\000s\000s\000\040\000L\000i\000s\000t}{chapter.2}% 4
\BOOKMARK [0][-]{chapter.3}{\376\377\0003\000\040\000F\000i\000l\000e\000\040\000I\000n\000d\000e\000x}{}% 5
\BOOKMARK [1][-]{section.3.1}{\376\377\0003\000.\0001\000\040\000F\000i\000l\000e\000\040\000L\000i\000s\000t}{chapter.3}% 6
\BOOKMARK [0][-]{chapter.4}{\376\377\0004\000\040\000C\000l\000a\000s\000s\000\040\000D\000o\000c\000u\000m\000e\000n\000t\000a\000t\000i\000o\000n}{}% 7
\BOOKMARK [1][-]{section.4.1}{\376\377\0004\000.\0001\000\040\000A\000p\000p\000C\000o\000l\000o\000r\000s\000\040\000C\000l\000a\000s\000s\000\040\000R\000e\000f\000e\000r\000e\000n\000c\000e}{chapter.4}% 8
\BOOKMARK [2][-]{subsection.4.1.1}{\376\377\0004\000.\0001\000.\0001\000\040\000M\000e\000m\000b\000e\000r\000\040\000D\000a\000t\000a\000\040\000D\000o\000c\000u\000m\000e\000n\000t\000a\000t\000i\000o\000n}{section.4.1}% 9
\BOOKMARK [3][-]{subsubsection.4.1.1.1}{\376\377\0004\000.\0001\000.\0001\000.\0001\000\040\000e\000l\000e\000m\000e\000n\000t}{subsection.4.1.1}% 10
\BOOKMARK [3][-]{subsubsection.4.1.1.2}{\376\377\0004\000.\0001\000.\0001\000.\0002\000\040\000h\000i\000g\000h\000l\000i\000g\000h\000t\000C\000o\000l\000o\000r}{subsection.4.1.1}% 11
\BOOKMARK [3][-]{subsubsection.4.1.1.3}{\376\377\0004\000.\0001\000.\0001\000.\0003\000\040\000p\000r\000i\000m\000a\000r\000y\000A\000c\000c\000e\000n\000t}{subsection.4.1.1}% 12
\BOOKMARK [3][-]{subsubsection.4.1.1.4}{\376\377\0004\000.\0001\000.\0001\000.\0004\000\040\000p\000r\000i\000m\000a\000r\000y\000C\000o\000l\000o\000r}{subsection.4.1.1}% 13
\BOOKMARK [3][-]{subsubsection.4.1.1.5}{\376\377\0004\000.\0001\000.\0001\000.\0005\000\040\000s\000e\000c\000o\000n\000d\000a\000r\000y\000A\000c\000c\000e\000n\000t}{subsection.4.1.1}% 14
\BOOKMARK [3][-]{subsubsection.4.1.1.6}{\376\377\0004\000.\0001\000.\0001\000.\0006\000\040\000s\000e\000c\000o\000n\000d\000a\000r\000y\000C\000o\000l\000o\000r}{subsection.4.1.1}% 15
\BOOKMARK [3][-]{subsubsection.4.1.1.7}{\376\377\0004\000.\0001\000.\0001\000.\0007\000\040\000s\000u\000c\000c\000e\000s\000s\000C\000o\000l\000o\000r}{subsection.4.1.1}% 16
\BOOKMARK [3][-]{subsubsection.4.1.1.8}{\376\377\0004\000.\0001\000.\0001\000.\0008\000\040\000t\000e\000x\000t\000C\000o\000l\000o\000r}{subsection.4.1.1}% 17
\BOOKMARK [3][-]{subsubsection.4.1.1.9}{\376\377\0004\000.\0001\000.\0001\000.\0009\000\040\000t\000i\000t\000l\000e\000C\000o\000l\000o\000r}{subsection.4.1.1}% 18
\BOOKMARK [1][-]{section.4.2}{\376\377\0004\000.\0002\000\040\000A\000u\000t\000h\000S\000e\000r\000v\000i\000c\000e\000\040\000C\000l\000a\000s\000s\000\040\000R\000e\000f\000e\000r\000e\000n\000c\000e}{chapter.4}% 19
\BOOKMARK [2][-]{subsection.4.2.1}{\376\377\0004\000.\0002\000.\0001\000\040\000M\000e\000m\000b\000e\000r\000\040\000F\000u\000n\000c\000t\000i\000o\000n\000\040\000D\000o\000c\000u\000m\000e\000n\000t\000a\000t\000i\000o\000n}{section.4.2}% 20
\BOOKMARK [3][-]{subsubsection.4.2.1.1}{\376\377\0004\000.\0002\000.\0001\000.\0001\000\040\000e\000n\000c\000o\000d\000e\000\050\000\051}{subsection.4.2.1}% 21
\BOOKMARK [3][-]{subsubsection.4.2.1.2}{\376\377\0004\000.\0002\000.\0001\000.\0002\000\040\000g\000e\000t\000C\000u\000r\000r\000e\000n\000t\000U\000s\000e\000r\000\050\000\051}{subsection.4.2.1}% 22
\BOOKMARK [3][-]{subsubsection.4.2.1.3}{\376\377\0004\000.\0002\000.\0001\000.\0003\000\040\000s\000i\000g\000n\000I\000n\000\050\000\051}{subsection.4.2.1}% 23
\BOOKMARK [3][-]{subsubsection.4.2.1.4}{\376\377\0004\000.\0002\000.\0001\000.\0004\000\040\000s\000i\000g\000n\000O\000u\000t\000\050\000\051}{subsection.4.2.1}% 24
\BOOKMARK [3][-]{subsubsection.4.2.1.5}{\376\377\0004\000.\0002\000.\0001\000.\0005\000\040\000s\000i\000g\000n\000U\000p\000\050\000\051}{subsection.4.2.1}% 25
\BOOKMARK [2][-]{subsection.4.2.2}{\376\377\0004\000.\0002\000.\0002\000\040\000M\000e\000m\000b\000e\000r\000\040\000D\000a\000t\000a\000\040\000D\000o\000c\000u\000m\000e\000n\000t\000a\000t\000i\000o\000n}{section.4.2}% 26
\BOOKMARK [3][-]{subsubsection.4.2.2.1}{\376\377\0004\000.\0002\000.\0002\000.\0001\000\040\000\137\000f\000i\000r\000e\000b\000a\000s\000e\000A\000u\000t\000h}{subsection.4.2.2}% 27
\BOOKMARK [1][-]{section.4.3}{\376\377\0004\000.\0003\000\040\000C\000h\000a\000n\000g\000e\000N\000o\000t\000i\000f\000i\000e\000r\000\040\000C\000l\000a\000s\000s\000\040\000R\000e\000f\000e\000r\000e\000n\000c\000e}{chapter.4}% 28
\BOOKMARK [2][-]{subsection.4.3.1}{\376\377\0004\000.\0003\000.\0001\000\040\000M\000e\000m\000b\000e\000r\000\040\000F\000u\000n\000c\000t\000i\000o\000n\000\040\000D\000o\000c\000u\000m\000e\000n\000t\000a\000t\000i\000o\000n}{section.4.3}% 29
\BOOKMARK [3][-]{subsubsection.4.3.1.1}{\376\377\0004\000.\0003\000.\0001\000.\0001\000\040\000\137\000d\000i\000s\000a\000b\000l\000e\000A\000u\000t\000o\000B\000r\000i\000g\000h\000t\000n\000e\000s\000s\000\050\000\051}{subsection.4.3.1}% 30
\BOOKMARK [3][-]{subsubsection.4.3.1.2}{\376\377\0004\000.\0003\000.\0001\000.\0002\000\040\000\137\000e\000n\000a\000b\000l\000e\000A\000u\000t\000o\000B\000r\000i\000g\000h\000t\000n\000e\000s\000s\000\050\000\051}{subsection.4.3.1}% 31
\BOOKMARK [3][-]{subsubsection.4.3.1.3}{\376\377\0004\000.\0003\000.\0001\000.\0003\000\040\000\137\000o\000b\000s\000e\000r\000v\000e\000S\000y\000s\000t\000e\000m\000B\000r\000i\000g\000h\000t\000n\000e\000s\000s\000\050\000\051}{subsection.4.3.1}% 32
\BOOKMARK [3][-]{subsubsection.4.3.1.4}{\376\377\0004\000.\0003\000.\0001\000.\0004\000\040\000a\000d\000d\000N\000e\000w\000U\000s\000e\000r\000s\000D\000o\000c\000u\000m\000e\000n\000t\000\050\000\051}{subsection.4.3.1}% 33
\BOOKMARK [3][-]{subsubsection.4.3.1.5}{\376\377\0004\000.\0003\000.\0001\000.\0005\000\040\000a\000d\000d\000P\000r\000o\000g\000r\000e\000s\000s\000\050\000\051}{subsection.4.3.1}% 34
\BOOKMARK [3][-]{subsubsection.4.3.1.6}{\376\377\0004\000.\0003\000.\0001\000.\0006\000\040\000a\000d\000d\000Q\000u\000o\000t\000e\000\050\000\051}{subsection.4.3.1}% 35
\BOOKMARK [3][-]{subsubsection.4.3.1.7}{\376\377\0004\000.\0003\000.\0001\000.\0007\000\040\000A\000p\000p\000U\000s\000e\000r\000\050\000\051}{subsection.4.3.1}% 36
\BOOKMARK [3][-]{subsubsection.4.3.1.8}{\376\377\0004\000.\0003\000.\0001\000.\0008\000\040\000A\000u\000t\000o\000B\000r\000i\000g\000h\000t\000n\000e\000s\000s\000V\000i\000e\000w\000M\000o\000d\000e\000l\000\050\000\051}{subsection.4.3.1}% 37
\BOOKMARK [3][-]{subsubsection.4.3.1.9}{\376\377\0004\000.\0003\000.\0001\000.\0009\000\040\000c\000h\000a\000n\000g\000e\000T\000i\000t\000l\000e\000\050\000\051}{subsection.4.3.1}% 38
\BOOKMARK [3][-]{subsubsection.4.3.1.10}{\376\377\0004\000.\0003\000.\0001\000.\0001\0000\000\040\000d\000a\000y\000S\000t\000r\000i\000k\000e\000U\000p\000d\000a\000t\000e\000\050\000\051}{subsection.4.3.1}% 39
\BOOKMARK [3][-]{subsubsection.4.3.1.11}{\376\377\0004\000.\0003\000.\0001\000.\0001\0001\000\040\000d\000e\000s\000e\000r\000i\000a\000l\000i\000z\000e\000P\000r\000o\000g\000r\000e\000s\000s\000\050\000\051}{subsection.4.3.1}% 40
\BOOKMARK [3][-]{subsubsection.4.3.1.12}{\376\377\0004\000.\0003\000.\0001\000.\0001\0002\000\040\000d\000i\000s\000p\000o\000s\000e\000\050\000\051}{subsection.4.3.1}% 41
\BOOKMARK [3][-]{subsubsection.4.3.1.13}{\376\377\0004\000.\0003\000.\0001\000.\0001\0003\000\040\000e\000n\000c\000o\000d\000e\000\050\000\051}{subsection.4.3.1}% 42
\BOOKMARK [3][-]{subsubsection.4.3.1.14}{\376\377\0004\000.\0003\000.\0001\000.\0001\0004\000\040\000f\000e\000t\000c\000h\000A\000n\000d\000A\000d\000d\000Q\000u\000o\000t\000e\000\050\000\051}{subsection.4.3.1}% 43
\BOOKMARK [3][-]{subsubsection.4.3.1.15}{\376\377\0004\000.\0003\000.\0001\000.\0001\0005\000\040\000f\000e\000t\000c\000h\000P\000r\000o\000g\000r\000e\000s\000s\000\050\000\051}{subsection.4.3.1}% 44
\BOOKMARK [3][-]{subsubsection.4.3.1.16}{\376\377\0004\000.\0003\000.\0001\000.\0001\0006\000\040\000f\000e\000t\000c\000h\000Q\000u\000o\000t\000e\000s\000\050\000\051}{subsection.4.3.1}% 45
\BOOKMARK [3][-]{subsubsection.4.3.1.17}{\376\377\0004\000.\0003\000.\0001\000.\0001\0007\000\040\000f\000e\000t\000c\000h\000U\000s\000e\000r\000A\000u\000t\000h\000D\000a\000t\000a\000\050\000\051}{subsection.4.3.1}% 46
\BOOKMARK [3][-]{subsubsection.4.3.1.18}{\376\377\0004\000.\0003\000.\0001\000.\0001\0008\000\040\000f\000e\000t\000c\000h\000U\000s\000e\000r\000D\000a\000t\000a\000\050\000\051}{subsection.4.3.1}% 47
\BOOKMARK [3][-]{subsubsection.4.3.1.19}{\376\377\0004\000.\0003\000.\0001\000.\0001\0009\000\040\000l\000o\000g\000O\000u\000t\000\050\000\051}{subsection.4.3.1}% 48
\BOOKMARK [3][-]{subsubsection.4.3.1.20}{\376\377\0004\000.\0003\000.\0001\000.\0002\0000\000\040\000P\000r\000o\000g\000r\000e\000s\000s\000\050\000\051}{subsection.4.3.1}% 49
\BOOKMARK [3][-]{subsubsection.4.3.1.21}{\376\377\0004\000.\0003\000.\0001\000.\0002\0001\000\040\000r\000e\000m\000o\000v\000e\000P\000r\000o\000g\000r\000e\000s\000s\000\050\000\051}{subsection.4.3.1}% 50
\BOOKMARK [3][-]{subsubsection.4.3.1.22}{\376\377\0004\000.\0003\000.\0001\000.\0002\0002\000\040\000s\000a\000v\000e\000P\000r\000o\000g\000r\000e\000s\000s\000\050\000\051}{subsection.4.3.1}% 51
\BOOKMARK [3][-]{subsubsection.4.3.1.23}{\376\377\0004\000.\0003\000.\0001\000.\0002\0003\000\040\000s\000e\000r\000i\000a\000l\000i\000z\000e\000P\000r\000o\000g\000r\000e\000s\000s\000\050\000\051}{subsection.4.3.1}% 52
\BOOKMARK [3][-]{subsubsection.4.3.1.24}{\376\377\0004\000.\0003\000.\0001\000.\0002\0004\000\040\000T\000i\000t\000l\000e\000P\000r\000o\000v\000i\000d\000e\000r\000\050\000\051}{subsection.4.3.1}% 53
\BOOKMARK [3][-]{subsubsection.4.3.1.25}{\376\377\0004\000.\0003\000.\0001\000.\0002\0005\000\040\000t\000o\000F\000i\000r\000e\000s\000t\000o\000r\000e\000\050\000\051}{subsection.4.3.1}% 54
\BOOKMARK [3][-]{subsubsection.4.3.1.26}{\376\377\0004\000.\0003\000.\0001\000.\0002\0006\000\040\000t\000o\000g\000g\000l\000e\000A\000u\000t\000o\000B\000r\000i\000g\000h\000t\000n\000e\000s\000s\000\050\000\051}{subsection.4.3.1}% 55
\BOOKMARK [3][-]{subsubsection.4.3.1.27}{\376\377\0004\000.\0003\000.\0001\000.\0002\0007\000\040\000u\000p\000d\000a\000t\000e\000\050\000\051}{subsection.4.3.1}% 56
\BOOKMARK [3][-]{subsubsection.4.3.1.28}{\376\377\0004\000.\0003\000.\0001\000.\0002\0008\000\040\000u\000p\000d\000a\000t\000e\000C\000a\000t\000e\000g\000o\000r\000y\000\050\000\051}{subsection.4.3.1}% 57
\BOOKMARK [3][-]{subsubsection.4.3.1.29}{\376\377\0004\000.\0003\000.\0001\000.\0002\0009\000\040\000u\000p\000d\000a\000t\000e\000D\000e\000s\000c\000r\000i\000p\000t\000i\000o\000n\000\050\000\051}{subsection.4.3.1}% 58
\BOOKMARK [3][-]{subsubsection.4.3.1.30}{\376\377\0004\000.\0003\000.\0001\000.\0003\0000\000\040\000u\000p\000d\000a\000t\000e\000P\000r\000o\000g\000r\000e\000s\000s\000\050\000\051}{subsection.4.3.1}% 59
\BOOKMARK [3][-]{subsubsection.4.3.1.31}{\376\377\0004\000.\0003\000.\0001\000.\0003\0001\000\040\000u\000p\000d\000a\000t\000e\000T\000i\000t\000l\000e\000\050\000\051}{subsection.4.3.1}% 60
\BOOKMARK [2][-]{subsection.4.3.2}{\376\377\0004\000.\0003\000.\0002\000\040\000M\000e\000m\000b\000e\000r\000\040\000D\000a\000t\000a\000\040\000D\000o\000c\000u\000m\000e\000n\000t\000a\000t\000i\000o\000n}{section.4.3}% 61
\BOOKMARK [3][-]{subsubsection.4.3.2.1}{\376\377\0004\000.\0003\000.\0002\000.\0001\000\040\000\137\000b\000r\000i\000g\000h\000t\000n\000e\000s\000s}{subsection.4.3.2}% 62
\BOOKMARK [3][-]{subsubsection.4.3.2.2}{\376\377\0004\000.\0003\000.\0002\000.\0002\000\040\000\137\000i\000s\000A\000u\000t\000o\000B\000r\000i\000g\000h\000t\000n\000e\000s\000s\000E\000n\000a\000b\000l\000e\000d}{subsection.4.3.2}% 63
\BOOKMARK [3][-]{subsubsection.4.3.2.3}{\376\377\0004\000.\0003\000.\0002\000.\0003\000\040\000\137\000l\000i\000g\000h\000t\000S\000u\000b\000s\000c\000r\000i\000p\000t\000i\000o\000n}{subsection.4.3.2}% 64
\BOOKMARK [3][-]{subsubsection.4.3.2.4}{\376\377\0004\000.\0003\000.\0002\000.\0004\000\040\000\137\000q\000u\000o\000t\000e\000s\000D\000a\000t\000a}{subsection.4.3.2}% 65
\BOOKMARK [3][-]{subsubsection.4.3.2.5}{\376\377\0004\000.\0003\000.\0002\000.\0005\000\040\000\137\000s\000y\000s\000t\000e\000m\000B\000r\000i\000g\000h\000t\000n\000e\000s\000s\000S\000u\000b\000s\000c\000r\000i\000p\000t\000i\000o\000n}{subsection.4.3.2}% 66
\BOOKMARK [3][-]{subsubsection.4.3.2.6}{\376\377\0004\000.\0003\000.\0002\000.\0006\000\040\000b\000r\000i\000g\000h\000t\000n\000e\000s\000s}{subsection.4.3.2}% 67
\BOOKMARK [3][-]{subsubsection.4.3.2.7}{\376\377\0004\000.\0003\000.\0002\000.\0007\000\040\000c\000a\000t\000e\000g\000o\000r\000y}{subsection.4.3.2}% 68
\BOOKMARK [3][-]{subsubsection.4.3.2.8}{\376\377\0004\000.\0003\000.\0002\000.\0008\000\040\000c\000h\000o\000s\000e\000n\000C\000a\000t\000e\000g\000o\000r\000y}{subsection.4.3.2}% 69
\BOOKMARK [3][-]{subsubsection.4.3.2.9}{\376\377\0004\000.\0003\000.\0002\000.\0009\000\040\000d\000a\000t\000e}{subsection.4.3.2}% 70
\BOOKMARK [3][-]{subsubsection.4.3.2.10}{\376\377\0004\000.\0003\000.\0002\000.\0001\0000\000\040\000d\000e\000s\000c\000r\000i\000p\000t\000i\000o\000n\000\040\000[\0001\000/\0002\000]}{subsection.4.3.2}% 71
\BOOKMARK [3][-]{subsubsection.4.3.2.11}{\376\377\0004\000.\0003\000.\0002\000.\0001\0001\000\040\000d\000e\000s\000c\000r\000i\000p\000t\000i\000o\000n\000\040\000[\0002\000/\0002\000]}{subsection.4.3.2}% 72
\BOOKMARK [3][-]{subsubsection.4.3.2.12}{\376\377\0004\000.\0003\000.\0002\000.\0001\0002\000\040\000e\000m\000a\000i\000l}{subsection.4.3.2}% 73
\BOOKMARK [3][-]{subsubsection.4.3.2.13}{\376\377\0004\000.\0003\000.\0002\000.\0001\0003\000\040\000i\000m\000a\000g\000e}{subsection.4.3.2}% 74
\BOOKMARK [3][-]{subsubsection.4.3.2.14}{\376\377\0004\000.\0003\000.\0002\000.\0001\0004\000\040\000i\000s\000A\000u\000t\000o\000B\000r\000i\000g\000h\000t\000n\000e\000s\000s\000E\000n\000a\000b\000l\000e\000d}{subsection.4.3.2}% 75
\BOOKMARK [3][-]{subsubsection.4.3.2.15}{\376\377\0004\000.\0003\000.\0002\000.\0001\0005\000\040\000n\000a\000m\000e}{subsection.4.3.2}% 76
\BOOKMARK [3][-]{subsubsection.4.3.2.16}{\376\377\0004\000.\0003\000.\0002\000.\0001\0006\000\040\000p\000h\000o\000t\000o}{subsection.4.3.2}% 77
\BOOKMARK [3][-]{subsubsection.4.3.2.17}{\376\377\0004\000.\0003\000.\0002\000.\0001\0007\000\040\000p\000r\000o\000g\000r\000e\000s\000s\000D\000a\000t\000a}{subsection.4.3.2}% 78
\BOOKMARK [3][-]{subsubsection.4.3.2.18}{\376\377\0004\000.\0003\000.\0002\000.\0001\0008\000\040\000q\000u\000o\000t\000e\000s\000D\000a\000t\000a}{subsection.4.3.2}% 79
\BOOKMARK [3][-]{subsubsection.4.3.2.19}{\376\377\0004\000.\0003\000.\0002\000.\0001\0009\000\040\000s\000e\000l\000e\000c\000t\000e\000d\000C\000a\000t\000e\000g\000o\000r\000y}{subsection.4.3.2}% 80
\BOOKMARK [3][-]{subsubsection.4.3.2.20}{\376\377\0004\000.\0003\000.\0002\000.\0002\0000\000\040\000t\000i\000t\000l\000e\000\040\000[\0001\000/\0002\000]}{subsection.4.3.2}% 81
\BOOKMARK [3][-]{subsubsection.4.3.2.21}{\376\377\0004\000.\0003\000.\0002\000.\0002\0001\000\040\000t\000i\000t\000l\000e\000\040\000[\0002\000/\0002\000]}{subsection.4.3.2}% 82
\BOOKMARK [3][-]{subsubsection.4.3.2.22}{\376\377\0004\000.\0003\000.\0002\000.\0002\0002\000\040\000u\000i\000d}{subsection.4.3.2}% 83
\BOOKMARK [1][-]{section.4.4}{\376\377\0004\000.\0004\000\040\000C\000o\000n\000s\000u\000m\000e\000r\000S\000t\000a\000t\000e\000<\000\040\000R\000e\000L\000o\000g\000I\000n\000\040\000>\000\040\000C\000l\000a\000s\000s\000\040\000R\000e\000f\000e\000r\000e\000n\000c\000e}{chapter.4}% 84
\BOOKMARK [2][-]{subsection.4.4.1}{\376\377\0004\000.\0004\000.\0001\000\040\000M\000e\000m\000b\000e\000r\000\040\000F\000u\000n\000c\000t\000i\000o\000n\000\040\000D\000o\000c\000u\000m\000e\000n\000t\000a\000t\000i\000o\000n}{section.4.4}% 85
\BOOKMARK [3][-]{subsubsection.4.4.1.1}{\376\377\0004\000.\0004\000.\0001\000.\0001\000\040\000b\000u\000i\000l\000d\000\050\000\051}{subsection.4.4.1}% 86
\BOOKMARK [3][-]{subsubsection.4.4.1.2}{\376\377\0004\000.\0004\000.\0001\000.\0002\000\040\000i\000n\000i\000t\000S\000t\000a\000t\000e\000\050\000\051}{subsection.4.4.1}% 87
\BOOKMARK [1][-]{section.4.5}{\376\377\0004\000.\0005\000\040\000C\000o\000n\000s\000u\000m\000e\000r\000S\000t\000a\000t\000e\000f\000u\000l\000W\000i\000d\000g\000e\000t\000\040\000C\000l\000a\000s\000s\000\040\000R\000e\000f\000e\000r\000e\000n\000c\000e}{chapter.4}% 88
\BOOKMARK [2][-]{subsection.4.5.1}{\376\377\0004\000.\0005\000.\0001\000\040\000M\000e\000m\000b\000e\000r\000\040\000F\000u\000n\000c\000t\000i\000o\000n\000\040\000D\000o\000c\000u\000m\000e\000n\000t\000a\000t\000i\000o\000n}{section.4.5}% 89
\BOOKMARK [3][-]{subsubsection.4.5.1.1}{\376\377\0004\000.\0005\000.\0001\000.\0001\000\040\000c\000r\000e\000a\000t\000e\000S\000t\000a\000t\000e\000\050\000\051\000\040\000[\0001\000/\0001\0001\000]}{subsection.4.5.1}% 90
\BOOKMARK [3][-]{subsubsection.4.5.1.2}{\376\377\0004\000.\0005\000.\0001\000.\0002\000\040\000c\000r\000e\000a\000t\000e\000S\000t\000a\000t\000e\000\050\000\051\000\040\000[\0002\000/\0001\0001\000]}{subsection.4.5.1}% 91
\BOOKMARK [3][-]{subsubsection.4.5.1.3}{\376\377\0004\000.\0005\000.\0001\000.\0003\000\040\000c\000r\000e\000a\000t\000e\000S\000t\000a\000t\000e\000\050\000\051\000\040\000[\0003\000/\0001\0001\000]}{subsection.4.5.1}% 92
\BOOKMARK [3][-]{subsubsection.4.5.1.4}{\376\377\0004\000.\0005\000.\0001\000.\0004\000\040\000c\000r\000e\000a\000t\000e\000S\000t\000a\000t\000e\000\050\000\051\000\040\000[\0004\000/\0001\0001\000]}{subsection.4.5.1}% 93
\BOOKMARK [3][-]{subsubsection.4.5.1.5}{\376\377\0004\000.\0005\000.\0001\000.\0005\000\040\000c\000r\000e\000a\000t\000e\000S\000t\000a\000t\000e\000\050\000\051\000\040\000[\0005\000/\0001\0001\000]}{subsection.4.5.1}% 94
\BOOKMARK [3][-]{subsubsection.4.5.1.6}{\376\377\0004\000.\0005\000.\0001\000.\0006\000\040\000c\000r\000e\000a\000t\000e\000S\000t\000a\000t\000e\000\050\000\051\000\040\000[\0006\000/\0001\0001\000]}{subsection.4.5.1}% 95
\BOOKMARK [3][-]{subsubsection.4.5.1.7}{\376\377\0004\000.\0005\000.\0001\000.\0007\000\040\000c\000r\000e\000a\000t\000e\000S\000t\000a\000t\000e\000\050\000\051\000\040\000[\0007\000/\0001\0001\000]}{subsection.4.5.1}% 96
\BOOKMARK [3][-]{subsubsection.4.5.1.8}{\376\377\0004\000.\0005\000.\0001\000.\0008\000\040\000c\000r\000e\000a\000t\000e\000S\000t\000a\000t\000e\000\050\000\051\000\040\000[\0008\000/\0001\0001\000]}{subsection.4.5.1}% 97
\BOOKMARK [3][-]{subsubsection.4.5.1.9}{\376\377\0004\000.\0005\000.\0001\000.\0009\000\040\000c\000r\000e\000a\000t\000e\000S\000t\000a\000t\000e\000\050\000\051\000\040\000[\0009\000/\0001\0001\000]}{subsection.4.5.1}% 98
\BOOKMARK [3][-]{subsubsection.4.5.1.10}{\376\377\0004\000.\0005\000.\0001\000.\0001\0000\000\040\000c\000r\000e\000a\000t\000e\000S\000t\000a\000t\000e\000\050\000\051\000\040\000[\0001\0000\000/\0001\0001\000]}{subsection.4.5.1}% 99
\BOOKMARK [3][-]{subsubsection.4.5.1.11}{\376\377\0004\000.\0005\000.\0001\000.\0001\0001\000\040\000c\000r\000e\000a\000t\000e\000S\000t\000a\000t\000e\000\050\000\051\000\040\000[\0001\0001\000/\0001\0001\000]}{subsection.4.5.1}% 100
\BOOKMARK [3][-]{subsubsection.4.5.1.12}{\376\377\0004\000.\0005\000.\0001\000.\0001\0002\000\040\000C\000u\000s\000t\000o\000m\000B\000o\000t\000t\000o\000m\000N\000a\000v\000i\000g\000a\000t\000i\000o\000n\000B\000a\000r\000\050\000\051}{subsection.4.5.1}% 101
\BOOKMARK [3][-]{subsubsection.4.5.1.13}{\376\377\0004\000.\0005\000.\0001\000.\0001\0003\000\040\000H\000o\000m\000e\000\050\000\051}{subsection.4.5.1}% 102
\BOOKMARK [3][-]{subsubsection.4.5.1.14}{\376\377\0004\000.\0005\000.\0001\000.\0001\0004\000\040\000P\000r\000o\000f\000i\000l\000e\000S\000e\000t\000t\000i\000n\000g\000s\000P\000a\000g\000e\000\050\000\051}{subsection.4.5.1}% 103
\BOOKMARK [3][-]{subsubsection.4.5.1.15}{\376\377\0004\000.\0005\000.\0001\000.\0001\0005\000\040\000P\000r\000o\000g\000r\000e\000s\000s\000d\000o\000c\000u\000m\000e\000n\000t\000a\000t\000i\000o\000n\000s\000\050\000\051}{subsection.4.5.1}% 104
\BOOKMARK [3][-]{subsubsection.4.5.1.16}{\376\377\0004\000.\0005\000.\0001\000.\0001\0006\000\040\000Q\000u\000o\000t\000e\000s\000\050\000\051}{subsection.4.5.1}% 105
\BOOKMARK [3][-]{subsubsection.4.5.1.17}{\376\377\0004\000.\0005\000.\0001\000.\0001\0007\000\040\000R\000e\000L\000o\000g\000I\000n\000\050\000\051}{subsection.4.5.1}% 106
\BOOKMARK [3][-]{subsubsection.4.5.1.18}{\376\377\0004\000.\0005\000.\0001\000.\0001\0008\000\040\000s\000e\000r\000i\000a\000l\000i\000z\000e\000P\000r\000o\000g\000r\000e\000s\000s\000\050\000\051}{subsection.4.5.1}% 107
\BOOKMARK [3][-]{subsubsection.4.5.1.19}{\376\377\0004\000.\0005\000.\0001\000.\0001\0009\000\040\000S\000i\000g\000n\000I\000n\000F\000o\000r\000m\000\050\000\051}{subsection.4.5.1}% 108
\BOOKMARK [3][-]{subsubsection.4.5.1.20}{\376\377\0004\000.\0005\000.\0001\000.\0002\0000\000\040\000S\000i\000g\000n\000U\000p\000F\000o\000r\000m\000\050\000\051}{subsection.4.5.1}% 109
\BOOKMARK [3][-]{subsubsection.4.5.1.21}{\376\377\0004\000.\0005\000.\0001\000.\0002\0001\000\040\000T\000e\000s\000t\000y\000\050\000\051}{subsection.4.5.1}% 110
\BOOKMARK [3][-]{subsubsection.4.5.1.22}{\376\377\0004\000.\0005\000.\0001\000.\0002\0002\000\040\000T\000w\000o\000r\000z\000e\000n\000i\000e\000C\000y\000t\000a\000t\000u\000\050\000\051}{subsection.4.5.1}% 111
\BOOKMARK [2][-]{subsection.4.5.2}{\376\377\0004\000.\0005\000.\0002\000\040\000M\000e\000m\000b\000e\000r\000\040\000D\000a\000t\000a\000\040\000D\000o\000c\000u\000m\000e\000n\000t\000a\000t\000i\000o\000n}{section.4.5}% 112
\BOOKMARK [3][-]{subsubsection.4.5.2.1}{\376\377\0004\000.\0005\000.\0002\000.\0001\000\040\000c\000h\000o\000s\000e\000n\000I\000n\000d\000e\000x}{subsection.4.5.2}% 113
\BOOKMARK [3][-]{subsubsection.4.5.2.2}{\376\377\0004\000.\0005\000.\0002\000.\0002\000\040\000o\000n\000I\000t\000e\000m\000S\000e\000l\000e\000c\000t\000e\000d}{subsection.4.5.2}% 114
\BOOKMARK [1][-]{section.4.6}{\376\377\0004\000.\0006\000\040\000C\000o\000n\000s\000u\000m\000e\000r\000W\000i\000d\000g\000e\000t\000\040\000C\000l\000a\000s\000s\000\040\000R\000e\000f\000e\000r\000e\000n\000c\000e}{chapter.4}% 115
\BOOKMARK [2][-]{subsection.4.6.1}{\376\377\0004\000.\0006\000.\0001\000\040\000M\000e\000m\000b\000e\000r\000\040\000F\000u\000n\000c\000t\000i\000o\000n\000\040\000D\000o\000c\000u\000m\000e\000n\000t\000a\000t\000i\000o\000n}{section.4.6}% 116
\BOOKMARK [3][-]{subsubsection.4.6.1.1}{\376\377\0004\000.\0006\000.\0001\000.\0001\000\040\000b\000u\000i\000l\000d\000\050\000\051\000\040\000[\0001\000/\0002\000]}{subsection.4.6.1}% 117
\BOOKMARK [3][-]{subsubsection.4.6.1.2}{\376\377\0004\000.\0006\000.\0001\000.\0002\000\040\000b\000u\000i\000l\000d\000\050\000\051\000\040\000[\0002\000/\0002\000]}{subsection.4.6.1}% 118
\BOOKMARK [3][-]{subsubsection.4.6.1.3}{\376\377\0004\000.\0006\000.\0001\000.\0003\000\040\000W\000e\000l\000c\000o\000m\000e\000S\000c\000r\000e\000e\000n\000\050\000\051}{subsection.4.6.1}% 119
\BOOKMARK [1][-]{section.4.7}{\376\377\0004\000.\0007\000\040\000D\000e\000f\000a\000u\000l\000t\000F\000i\000r\000e\000b\000a\000s\000e\000O\000p\000t\000i\000o\000n\000s\000\040\000C\000l\000a\000s\000s\000\040\000R\000e\000f\000e\000r\000e\000n\000c\000e}{chapter.4}% 120
\BOOKMARK [2][-]{subsection.4.7.1}{\376\377\0004\000.\0007\000.\0001\000\040\000D\000e\000t\000a\000i\000l\000e\000d\000\040\000D\000e\000s\000c\000r\000i\000p\000t\000i\000o\000n}{section.4.7}% 121
\BOOKMARK [2][-]{subsection.4.7.2}{\376\377\0004\000.\0007\000.\0002\000\040\000M\000e\000m\000b\000e\000r\000\040\000D\000a\000t\000a\000\040\000D\000o\000c\000u\000m\000e\000n\000t\000a\000t\000i\000o\000n}{section.4.7}% 122
\BOOKMARK [3][-]{subsubsection.4.7.2.1}{\376\377\0004\000.\0007\000.\0002\000.\0001\000\040\000c\000u\000r\000r\000e\000n\000t\000P\000l\000a\000t\000f\000o\000r\000m}{subsection.4.7.2}% 123
\BOOKMARK [3][-]{subsubsection.4.7.2.2}{\376\377\0004\000.\0007\000.\0002\000.\0002\000\040\000i\000o\000s}{subsection.4.7.2}% 124
\BOOKMARK [1][-]{section.4.8}{\376\377\0004\000.\0008\000\040\000L\000o\000c\000a\000l\000A\000u\000t\000h\000\040\000C\000l\000a\000s\000s\000\040\000R\000e\000f\000e\000r\000e\000n\000c\000e}{chapter.4}% 125
\BOOKMARK [2][-]{subsection.4.8.1}{\376\377\0004\000.\0008\000.\0001\000\040\000M\000e\000m\000b\000e\000r\000\040\000F\000u\000n\000c\000t\000i\000o\000n\000\040\000D\000o\000c\000u\000m\000e\000n\000t\000a\000t\000i\000o\000n}{section.4.8}% 126
\BOOKMARK [3][-]{subsubsection.4.8.1.1}{\376\377\0004\000.\0008\000.\0001\000.\0001\000\040\000\137\000c\000a\000n\000A\000u\000t\000h\000e\000n\000t\000i\000c\000a\000t\000e\000\050\000\051}{subsection.4.8.1}% 127
\BOOKMARK [3][-]{subsubsection.4.8.1.2}{\376\377\0004\000.\0008\000.\0001\000.\0002\000\040\000a\000u\000t\000h\000e\000n\000t\000i\000c\000a\000t\000e\000\050\000\051}{subsection.4.8.1}% 128
\BOOKMARK [2][-]{subsection.4.8.2}{\376\377\0004\000.\0008\000.\0002\000\040\000M\000e\000m\000b\000e\000r\000\040\000D\000a\000t\000a\000\040\000D\000o\000c\000u\000m\000e\000n\000t\000a\000t\000i\000o\000n}{section.4.8}% 129
\BOOKMARK [3][-]{subsubsection.4.8.2.1}{\376\377\0004\000.\0008\000.\0002\000.\0001\000\040\000\137\000a\000u\000t\000h}{subsection.4.8.2}% 130
\BOOKMARK [1][-]{section.4.9}{\376\377\0004\000.\0009\000\040\000Q\000u\000o\000t\000e\000\040\000C\000l\000a\000s\000s\000\040\000R\000e\000f\000e\000r\000e\000n\000c\000e}{chapter.4}% 131
\BOOKMARK [2][-]{subsection.4.9.1}{\376\377\0004\000.\0009\000.\0001\000\040\000C\000o\000n\000s\000t\000r\000u\000c\000t\000o\000r\000\040\000\046\000\040\000D\000e\000s\000t\000r\000u\000c\000t\000o\000r\000\040\000D\000o\000c\000u\000m\000e\000n\000t\000a\000t\000i\000o\000n}{section.4.9}% 132
\BOOKMARK [3][-]{subsubsection.4.9.1.1}{\376\377\0004\000.\0009\000.\0001\000.\0001\000\040\000Q\000u\000o\000t\000e\000\050\000\051}{subsection.4.9.1}% 133
\BOOKMARK [2][-]{subsection.4.9.2}{\376\377\0004\000.\0009\000.\0002\000\040\000M\000e\000m\000b\000e\000r\000\040\000D\000a\000t\000a\000\040\000D\000o\000c\000u\000m\000e\000n\000t\000a\000t\000i\000o\000n}{section.4.9}% 134
\BOOKMARK [3][-]{subsubsection.4.9.2.1}{\376\377\0004\000.\0009\000.\0002\000.\0001\000\040\000a\000u\000t\000h\000o\000r}{subsection.4.9.2}% 135
\BOOKMARK [3][-]{subsubsection.4.9.2.2}{\376\377\0004\000.\0009\000.\0002\000.\0002\000\040\000d\000a\000t\000e}{subsection.4.9.2}% 136
\BOOKMARK [3][-]{subsubsection.4.9.2.3}{\376\377\0004\000.\0009\000.\0002\000.\0003\000\040\000l\000i\000k\000e\000s}{subsection.4.9.2}% 137
\BOOKMARK [3][-]{subsubsection.4.9.2.4}{\376\377\0004\000.\0009\000.\0002\000.\0004\000\040\000o\000w\000n\000e\000r\000I\000d}{subsection.4.9.2}% 138
\BOOKMARK [3][-]{subsubsection.4.9.2.5}{\376\377\0004\000.\0009\000.\0002\000.\0005\000\040\000q\000u\000o\000t\000e}{subsection.4.9.2}% 139
\BOOKMARK [1][-]{section.4.10}{\376\377\0004\000.\0001\0000\000\040\000S\000t\000a\000t\000e\000f\000u\000l\000W\000i\000d\000g\000e\000t\000\040\000C\000l\000a\000s\000s\000\040\000R\000e\000f\000e\000r\000e\000n\000c\000e}{chapter.4}% 140
\BOOKMARK [2][-]{subsection.4.10.1}{\376\377\0004\000.\0001\0000\000.\0001\000\040\000M\000e\000m\000b\000e\000r\000\040\000F\000u\000n\000c\000t\000i\000o\000n\000\040\000D\000o\000c\000u\000m\000e\000n\000t\000a\000t\000i\000o\000n}{section.4.10}% 141
\BOOKMARK [3][-]{subsubsection.4.10.1.1}{\376\377\0004\000.\0001\0000\000.\0001\000.\0001\000\040\000C\000a\000m\000e\000r\000a\000\050\000\051}{subsection.4.10.1}% 142
\BOOKMARK [3][-]{subsubsection.4.10.1.2}{\376\377\0004\000.\0001\0000\000.\0001\000.\0002\000\040\000c\000r\000e\000a\000t\000e\000S\000t\000a\000t\000e\000\050\000\051\000\040\000[\0001\000/\0003\000]}{subsection.4.10.1}% 143
\BOOKMARK [3][-]{subsubsection.4.10.1.3}{\376\377\0004\000.\0001\0000\000.\0001\000.\0003\000\040\000c\000r\000e\000a\000t\000e\000S\000t\000a\000t\000e\000\050\000\051\000\040\000[\0002\000/\0003\000]}{subsection.4.10.1}% 144
\BOOKMARK [3][-]{subsubsection.4.10.1.4}{\376\377\0004\000.\0001\0000\000.\0001\000.\0004\000\040\000c\000r\000e\000a\000t\000e\000S\000t\000a\000t\000e\000\050\000\051\000\040\000[\0003\000/\0003\000]}{subsection.4.10.1}% 145
\BOOKMARK [3][-]{subsubsection.4.10.1.5}{\376\377\0004\000.\0001\0000\000.\0001\000.\0005\000\040\000Q\000u\000o\000t\000e\000s\000C\000a\000r\000d\000\050\000\051}{subsection.4.10.1}% 146
\BOOKMARK [2][-]{subsection.4.10.2}{\376\377\0004\000.\0001\0000\000.\0002\000\040\000M\000e\000m\000b\000e\000r\000\040\000D\000a\000t\000a\000\040\000D\000o\000c\000u\000m\000e\000n\000t\000a\000t\000i\000o\000n}{section.4.10}% 147
\BOOKMARK [3][-]{subsubsection.4.10.2.1}{\376\377\0004\000.\0001\0000\000.\0002\000.\0001\000\040\000d\000a\000t\000e}{subsection.4.10.2}% 148
\BOOKMARK [3][-]{subsubsection.4.10.2.2}{\376\377\0004\000.\0001\0000\000.\0002\000.\0002\000\040\000q\000u\000o\000t\000e}{subsection.4.10.2}% 149
\BOOKMARK [1][-]{section.4.11}{\376\377\0004\000.\0001\0001\000\040\000S\000t\000a\000t\000e\000l\000e\000s\000s\000W\000i\000d\000g\000e\000t\000\040\000C\000l\000a\000s\000s\000\040\000R\000e\000f\000e\000r\000e\000n\000c\000e}{chapter.4}% 150
\BOOKMARK [2][-]{subsection.4.11.1}{\376\377\0004\000.\0001\0001\000.\0001\000\040\000M\000e\000m\000b\000e\000r\000\040\000F\000u\000n\000c\000t\000i\000o\000n\000\040\000D\000o\000c\000u\000m\000e\000n\000t\000a\000t\000i\000o\000n}{section.4.11}% 151
\BOOKMARK [3][-]{subsubsection.4.11.1.1}{\376\377\0004\000.\0001\0001\000.\0001\000.\0001\000\040\000A\000y\000s\000t\000e\000n\000t\000\050\000\051}{subsection.4.11.1}% 152
\BOOKMARK [3][-]{subsubsection.4.11.1.2}{\376\377\0004\000.\0001\0001\000.\0001\000.\0002\000\040\000b\000u\000i\000l\000d\000\050\000\051\000\040\000[\0001\000/\0001\0003\000]}{subsection.4.11.1}% 153
\BOOKMARK [3][-]{subsubsection.4.11.1.3}{\376\377\0004\000.\0001\0001\000.\0001\000.\0003\000\040\000b\000u\000i\000l\000d\000\050\000\051\000\040\000[\0002\000/\0001\0003\000]}{subsection.4.11.1}% 154
\BOOKMARK [3][-]{subsubsection.4.11.1.4}{\376\377\0004\000.\0001\0001\000.\0001\000.\0004\000\040\000b\000u\000i\000l\000d\000\050\000\051\000\040\000[\0003\000/\0001\0003\000]}{subsection.4.11.1}% 155
\BOOKMARK [3][-]{subsubsection.4.11.1.5}{\376\377\0004\000.\0001\0001\000.\0001\000.\0005\000\040\000b\000u\000i\000l\000d\000\050\000\051\000\040\000[\0004\000/\0001\0003\000]}{subsection.4.11.1}% 156
\BOOKMARK [3][-]{subsubsection.4.11.1.6}{\376\377\0004\000.\0001\0001\000.\0001\000.\0006\000\040\000b\000u\000i\000l\000d\000\050\000\051\000\040\000[\0005\000/\0001\0003\000]}{subsection.4.11.1}% 157
\BOOKMARK [3][-]{subsubsection.4.11.1.7}{\376\377\0004\000.\0001\0001\000.\0001\000.\0007\000\040\000b\000u\000i\000l\000d\000\050\000\051\000\040\000[\0006\000/\0001\0003\000]}{subsection.4.11.1}% 158
\BOOKMARK [3][-]{subsubsection.4.11.1.8}{\376\377\0004\000.\0001\0001\000.\0001\000.\0008\000\040\000b\000u\000i\000l\000d\000\050\000\051\000\040\000[\0007\000/\0001\0003\000]}{subsection.4.11.1}% 159
\BOOKMARK [3][-]{subsubsection.4.11.1.9}{\376\377\0004\000.\0001\0001\000.\0001\000.\0009\000\040\000b\000u\000i\000l\000d\000\050\000\051\000\040\000[\0008\000/\0001\0003\000]}{subsection.4.11.1}% 160
\BOOKMARK [3][-]{subsubsection.4.11.1.10}{\376\377\0004\000.\0001\0001\000.\0001\000.\0001\0000\000\040\000b\000u\000i\000l\000d\000\050\000\051\000\040\000[\0009\000/\0001\0003\000]}{subsection.4.11.1}% 161
\BOOKMARK [3][-]{subsubsection.4.11.1.11}{\376\377\0004\000.\0001\0001\000.\0001\000.\0001\0001\000\040\000b\000u\000i\000l\000d\000\050\000\051\000\040\000[\0001\0000\000/\0001\0003\000]}{subsection.4.11.1}% 162
\BOOKMARK [3][-]{subsubsection.4.11.1.12}{\376\377\0004\000.\0001\0001\000.\0001\000.\0001\0002\000\040\000b\000u\000i\000l\000d\000\050\000\051\000\040\000[\0001\0001\000/\0001\0003\000]}{subsection.4.11.1}% 163
\BOOKMARK [3][-]{subsubsection.4.11.1.13}{\376\377\0004\000.\0001\0001\000.\0001\000.\0001\0003\000\040\000b\000u\000i\000l\000d\000\050\000\051\000\040\000[\0001\0002\000/\0001\0003\000]}{subsection.4.11.1}% 164
\BOOKMARK [3][-]{subsubsection.4.11.1.14}{\376\377\0004\000.\0001\0001\000.\0001\000.\0001\0004\000\040\000b\000u\000i\000l\000d\000\050\000\051\000\040\000[\0001\0003\000/\0001\0003\000]}{subsection.4.11.1}% 165
\BOOKMARK [3][-]{subsubsection.4.11.1.15}{\376\377\0004\000.\0001\0001\000.\0001\000.\0001\0005\000\040\000F\000u\000n\000c\000t\000i\000o\000n\000\050\000\051\000\040\000[\0001\000/\0002\000]}{subsection.4.11.1}% 166
\BOOKMARK [3][-]{subsubsection.4.11.1.16}{\376\377\0004\000.\0001\0001\000.\0001\000.\0001\0006\000\040\000F\000u\000n\000c\000t\000i\000o\000n\000\050\000\051\000\040\000[\0002\000/\0002\000]}{subsection.4.11.1}% 167
\BOOKMARK [3][-]{subsubsection.4.11.1.17}{\376\377\0004\000.\0001\0001\000.\0001\000.\0001\0007\000\040\000M\000a\000i\000n\000A\000p\000p\000B\000a\000c\000k\000g\000r\000o\000u\000n\000d\000\050\000\051}{subsection.4.11.1}% 168
\BOOKMARK [3][-]{subsubsection.4.11.1.18}{\376\377\0004\000.\0001\0001\000.\0001\000.\0001\0008\000\040\000P\000o\000m\000i\000a\000r\000y\000\050\000\051}{subsection.4.11.1}% 169
\BOOKMARK [3][-]{subsubsection.4.11.1.19}{\376\377\0004\000.\0001\0001\000.\0001\000.\0001\0009\000\040\000P\000r\000o\000f\000i\000l\000e\000S\000c\000r\000e\000e\000n\000\050\000\051}{subsection.4.11.1}% 170
\BOOKMARK [3][-]{subsubsection.4.11.1.20}{\376\377\0004\000.\0001\0001\000.\0001\000.\0002\0000\000\040\000P\000r\000z\000y\000c\000i\000s\000k\000Z\000U\000k\000r\000y\000t\000y\000m\000T\000l\000e\000m\000\050\000\051}{subsection.4.11.1}% 171
\BOOKMARK [3][-]{subsubsection.4.11.1.21}{\376\377\0004\000.\0001\0001\000.\0001\000.\0002\0001\000\040\000S\000e\000s\000s\000i\000o\000n\000L\000o\000g\000i\000n\000\050\000\051}{subsection.4.11.1}% 172
\BOOKMARK [3][-]{subsubsection.4.11.1.22}{\376\377\0004\000.\0001\0001\000.\0001\000.\0002\0002\000\040\000S\000t\000y\000l\000e\000d\000A\000p\000p\000B\000a\000r\000T\000e\000x\000t\000\050\000\051}{subsection.4.11.1}% 173
\BOOKMARK [3][-]{subsubsection.4.11.1.23}{\376\377\0004\000.\0001\0001\000.\0001\000.\0002\0003\000\040\000S\000t\000y\000l\000e\000d\000B\000o\000d\000y\000T\000e\000x\000t\000\050\000\051}{subsection.4.11.1}% 174
\BOOKMARK [3][-]{subsubsection.4.11.1.24}{\376\377\0004\000.\0001\0001\000.\0001\000.\0002\0004\000\040\000S\000t\000y\000l\000e\000d\000B\000u\000t\000t\000o\000n\000\050\000\051}{subsection.4.11.1}% 175
\BOOKMARK [3][-]{subsubsection.4.11.1.25}{\376\377\0004\000.\0001\0001\000.\0001\000.\0002\0005\000\040\000S\000t\000y\000l\000i\000z\000o\000w\000a\000n\000e\000P\000o\000l\000e\000T\000e\000k\000s\000t\000o\000w\000e\000\050\000\051}{subsection.4.11.1}% 176
\BOOKMARK [3][-]{subsubsection.4.11.1.26}{\376\377\0004\000.\0001\0001\000.\0001\000.\0002\0006\000\040\000S\000t\000y\000l\000i\000z\000o\000w\000a\000n\000y\000T\000e\000x\000t\000\050\000\051}{subsection.4.11.1}% 177
\BOOKMARK [3][-]{subsubsection.4.11.1.27}{\376\377\0004\000.\0001\0001\000.\0001\000.\0002\0007\000\040\000S\000t\000y\000l\000i\000z\000o\000w\000a\000n\000y\000T\000y\000t\000u\000l\000\050\000\051}{subsection.4.11.1}% 178
\BOOKMARK [2][-]{subsection.4.11.2}{\376\377\0004\000.\0001\0001\000.\0002\000\040\000M\000e\000m\000b\000e\000r\000\040\000D\000a\000t\000a\000\040\000D\000o\000c\000u\000m\000e\000n\000t\000a\000t\000i\000o\000n}{section.4.11}% 179
\BOOKMARK [3][-]{subsubsection.4.11.2.1}{\376\377\0004\000.\0001\0001\000.\0002\000.\0001\000\040\000c\000h\000i\000l\000d}{subsection.4.11.2}% 180
\BOOKMARK [3][-]{subsubsection.4.11.2.2}{\376\377\0004\000.\0001\0001\000.\0002\000.\0002\000\040\000c\000o\000l\000o\000r}{subsection.4.11.2}% 181
\BOOKMARK [3][-]{subsubsection.4.11.2.3}{\376\377\0004\000.\0001\0001\000.\0002\000.\0003\000\040\000c\000o\000n\000t\000r\000o\000l\000e\000r}{subsection.4.11.2}% 182
\BOOKMARK [3][-]{subsubsection.4.11.2.4}{\376\377\0004\000.\0001\0001\000.\0002\000.\0004\000\040\000i\000c\000o\000n}{subsection.4.11.2}% 183
\BOOKMARK [3][-]{subsubsection.4.11.2.5}{\376\377\0004\000.\0001\0001\000.\0002\000.\0005\000\040\000o\000b\000s\000c\000u\000r\000e\000t\000x\000t}{subsection.4.11.2}% 184
\BOOKMARK [3][-]{subsubsection.4.11.2.6}{\376\377\0004\000.\0001\0001\000.\0002\000.\0006\000\040\000o\000n\000P\000r\000e\000s\000s\000e\000d}{subsection.4.11.2}% 185
\BOOKMARK [3][-]{subsubsection.4.11.2.7}{\376\377\0004\000.\0001\0001\000.\0002\000.\0007\000\040\000s\000t\000y\000l\000e}{subsection.4.11.2}% 186
\BOOKMARK [3][-]{subsubsection.4.11.2.8}{\376\377\0004\000.\0001\0001\000.\0002\000.\0008\000\040\000t\000e\000x\000t}{subsection.4.11.2}% 187
\BOOKMARK [3][-]{subsubsection.4.11.2.9}{\376\377\0004\000.\0001\0001\000.\0002\000.\0009\000\040\000w\000i\000d\000g\000e\000t}{subsection.4.11.2}% 188
\BOOKMARK [1][-]{section.4.12}{\376\377\0004\000.\0001\0002\000\040\000S\000t\000a\000t\000e\000N\000o\000t\000i\000f\000i\000e\000r\000<\000\040\000C\000u\000r\000r\000e\000n\000t\000Q\000u\000o\000t\000e\000S\000t\000a\000t\000e\000\040\000>\000\040\000C\000l\000a\000s\000s\000\040\000R\000e\000f\000e\000r\000e\000n\000c\000e}{chapter.4}% 189
\BOOKMARK [2][-]{subsection.4.12.1}{\376\377\0004\000.\0001\0002\000.\0001\000\040\000M\000e\000m\000b\000e\000r\000\040\000F\000u\000n\000c\000t\000i\000o\000n\000\040\000D\000o\000c\000u\000m\000e\000n\000t\000a\000t\000i\000o\000n}{section.4.12}% 190
\BOOKMARK [3][-]{subsubsection.4.12.1.1}{\376\377\0004\000.\0001\0002\000.\0001\000.\0001\000\040\000i\000n\000c\000r\000e\000m\000e\000n\000t\000\050\000\051}{subsection.4.12.1}% 191
\BOOKMARK [3][-]{subsubsection.4.12.1.2}{\376\377\0004\000.\0001\0002\000.\0001\000.\0002\000\040\000r\000e\000s\000t\000a\000r\000t\000\050\000\051}{subsection.4.12.1}% 192
\BOOKMARK [1][-]{section.4.13}{\376\377\0004\000.\0001\0003\000\040\000W\000o\000r\000k\000o\000u\000t\000\040\000C\000l\000a\000s\000s\000\040\000R\000e\000f\000e\000r\000e\000n\000c\000e}{chapter.4}% 193
\BOOKMARK [2][-]{subsection.4.13.1}{\376\377\0004\000.\0001\0003\000.\0001\000\040\000C\000o\000n\000s\000t\000r\000u\000c\000t\000o\000r\000\040\000\046\000\040\000D\000e\000s\000t\000r\000u\000c\000t\000o\000r\000\040\000D\000o\000c\000u\000m\000e\000n\000t\000a\000t\000i\000o\000n}{section.4.13}% 194
\BOOKMARK [3][-]{subsubsection.4.13.1.1}{\376\377\0004\000.\0001\0003\000.\0001\000.\0001\000\040\000W\000o\000r\000k\000o\000u\000t\000\050\000\051}{subsection.4.13.1}% 195
\BOOKMARK [2][-]{subsection.4.13.2}{\376\377\0004\000.\0001\0003\000.\0002\000\040\000M\000e\000m\000b\000e\000r\000\040\000D\000a\000t\000a\000\040\000D\000o\000c\000u\000m\000e\000n\000t\000a\000t\000i\000o\000n}{section.4.13}% 196
\BOOKMARK [3][-]{subsubsection.4.13.2.1}{\376\377\0004\000.\0001\0003\000.\0002\000.\0001\000\040\000d\000a\000t\000e}{subsection.4.13.2}% 197
\BOOKMARK [3][-]{subsubsection.4.13.2.2}{\376\377\0004\000.\0001\0003\000.\0002\000.\0002\000\040\000d\000a\000t\000e\000S\000t\000r\000i\000n\000g}{subsection.4.13.2}% 198
\BOOKMARK [3][-]{subsubsection.4.13.2.3}{\376\377\0004\000.\0001\0003\000.\0002\000.\0003\000\040\000e\000x\000e\000r\000c\000i\000s\000e\000s}{subsection.4.13.2}% 199
\BOOKMARK [3][-]{subsubsection.4.13.2.4}{\376\377\0004\000.\0001\0003\000.\0002\000.\0004\000\040\000i\000d}{subsection.4.13.2}% 200
\BOOKMARK [3][-]{subsubsection.4.13.2.5}{\376\377\0004\000.\0001\0003\000.\0002\000.\0005\000\040\000n\000a\000m\000e}{subsection.4.13.2}% 201
\BOOKMARK [0][-]{chapter.5}{\376\377\0005\000\040\000F\000i\000l\000e\000\040\000D\000o\000c\000u\000m\000e\000n\000t\000a\000t\000i\000o\000n}{}% 202
\BOOKMARK [1][-]{section.5.1}{\376\377\0005\000.\0001\000\040\000l\000i\000b\000/\000f\000i\000r\000e\000b\000a\000s\000e\000\137\000o\000p\000t\000i\000o\000n\000s\000.\000d\000a\000r\000t\000\040\000F\000i\000l\000e\000\040\000R\000e\000f\000e\000r\000e\000n\000c\000e}{chapter.5}% 203
\BOOKMARK [1][-]{section.5.2}{\376\377\0005\000.\0002\000\040\000l\000i\000b\000/\000k\000o\000m\000p\000o\000n\000e\000n\000t\000y\000/\000a\000p\000p\000\137\000b\000a\000c\000k\000g\000r\000o\000u\000n\000d\000\137\000c\000o\000l\000o\000r\000s\000.\000d\000a\000r\000t\000\040\000F\000i\000l\000e\000\040\000R\000e\000f\000e\000r\000e\000n\000c\000e}{chapter.5}% 204
\BOOKMARK [1][-]{section.5.3}{\376\377\0005\000.\0003\000\040\000l\000i\000b\000/\000k\000o\000m\000p\000o\000n\000e\000n\000t\000y\000/\000b\000o\000t\000o\000m\000\137\000n\000a\000v\000i\000g\000a\000t\000i\000o\000n\000\137\000b\000a\000r\000.\000d\000a\000r\000t\000\040\000F\000i\000l\000e\000\040\000R\000e\000f\000e\000r\000e\000n\000c\000e}{chapter.5}% 205
\BOOKMARK [2][-]{subsection.5.3.1}{\376\377\0005\000.\0003\000.\0001\000\040\000F\000u\000n\000c\000t\000i\000o\000n\000\040\000D\000o\000c\000u\000m\000e\000n\000t\000a\000t\000i\000o\000n}{section.5.3}% 206
\BOOKMARK [3][-]{subsubsection.5.3.1.1}{\376\377\0005\000.\0003\000.\0001\000.\0001\000\040\000b\000u\000i\000l\000d\000\050\000\051}{subsection.5.3.1}% 207
\BOOKMARK [3][-]{subsubsection.5.3.1.2}{\376\377\0005\000.\0003\000.\0001\000.\0002\000\040\000c\000r\000e\000a\000t\000e\000S\000t\000a\000t\000e\000\050\000\051}{subsection.5.3.1}% 208
\BOOKMARK [3][-]{subsubsection.5.3.1.3}{\376\377\0005\000.\0003\000.\0001\000.\0003\000\040\000C\000u\000s\000t\000o\000m\000B\000o\000t\000t\000o\000m\000N\000a\000v\000i\000g\000a\000t\000i\000o\000n\000B\000a\000r\000\050\000\051}{subsection.5.3.1}% 209
\BOOKMARK [2][-]{subsection.5.3.2}{\376\377\0005\000.\0003\000.\0002\000\040\000V\000a\000r\000i\000a\000b\000l\000e\000\040\000D\000o\000c\000u\000m\000e\000n\000t\000a\000t\000i\000o\000n}{section.5.3}% 210
\BOOKMARK [3][-]{subsubsection.5.3.2.1}{\376\377\0005\000.\0003\000.\0002\000.\0001\000\040\000c\000h\000o\000s\000e\000n\000I\000n\000d\000e\000x}{subsection.5.3.2}% 211
\BOOKMARK [3][-]{subsubsection.5.3.2.2}{\376\377\0005\000.\0003\000.\0002\000.\0002\000\040\000o\000n\000I\000t\000e\000m\000S\000e\000l\000e\000c\000t\000e\000d}{subsection.5.3.2}% 212
\BOOKMARK [1][-]{section.5.4}{\376\377\0005\000.\0004\000\040\000l\000i\000b\000/\000k\000o\000m\000p\000o\000n\000e\000n\000t\000y\000/\000b\000u\000t\000t\000o\000n\000s\000.\000d\000a\000r\000t\000\040\000F\000i\000l\000e\000\040\000R\000e\000f\000e\000r\000e\000n\000c\000e}{chapter.5}% 213
\BOOKMARK [2][-]{subsection.5.4.1}{\376\377\0005\000.\0004\000.\0001\000\040\000F\000u\000n\000c\000t\000i\000o\000n\000\040\000D\000o\000c\000u\000m\000e\000n\000t\000a\000t\000i\000o\000n}{section.5.4}% 214
\BOOKMARK [3][-]{subsubsection.5.4.1.1}{\376\377\0005\000.\0004\000.\0001\000.\0001\000\040\000b\000u\000i\000l\000d\000\050\000\051}{subsection.5.4.1}% 215
\BOOKMARK [3][-]{subsubsection.5.4.1.2}{\376\377\0005\000.\0004\000.\0001\000.\0002\000\040\000F\000u\000n\000c\000t\000i\000o\000n\000\050\000\051}{subsection.5.4.1}% 216
\BOOKMARK [3][-]{subsubsection.5.4.1.3}{\376\377\0005\000.\0004\000.\0001\000.\0003\000\040\000P\000r\000z\000y\000c\000i\000s\000k\000Z\000U\000k\000r\000y\000t\000y\000m\000T\000l\000e\000m\000\050\000\051}{subsection.5.4.1}% 217
\BOOKMARK [3][-]{subsubsection.5.4.1.4}{\376\377\0005\000.\0004\000.\0001\000.\0004\000\040\000S\000t\000y\000g\000i\000B\000u\000t\000o\000n\000\050\000\051}{subsection.5.4.1}% 218
\BOOKMARK [2][-]{subsection.5.4.2}{\376\377\0005\000.\0004\000.\0002\000\040\000V\000a\000r\000i\000a\000b\000l\000e\000\040\000D\000o\000c\000u\000m\000e\000n\000t\000a\000t\000i\000o\000n}{section.5.4}% 219
\BOOKMARK [3][-]{subsubsection.5.4.2.1}{\376\377\0005\000.\0004\000.\0002\000.\0001\000\040\000t\000e\000x\000t}{subsection.5.4.2}% 220
\BOOKMARK [1][-]{section.5.5}{\376\377\0005\000.\0005\000\040\000l\000i\000b\000/\000k\000o\000m\000p\000o\000n\000e\000n\000t\000y\000/\000c\000y\000t\000a\000t\000.\000d\000a\000r\000t\000\040\000F\000i\000l\000e\000\040\000R\000e\000f\000e\000r\000e\000n\000c\000e}{chapter.5}% 221
\BOOKMARK [2][-]{subsection.5.5.1}{\376\377\0005\000.\0005\000.\0001\000\040\000F\000u\000n\000c\000t\000i\000o\000n\000\040\000D\000o\000c\000u\000m\000e\000n\000t\000a\000t\000i\000o\000n}{section.5.5}% 222
\BOOKMARK [3][-]{subsubsection.5.5.1.1}{\376\377\0005\000.\0005\000.\0001\000.\0001\000\040\000b\000u\000i\000l\000d\000\050\000\051}{subsection.5.5.1}% 223
\BOOKMARK [3][-]{subsubsection.5.5.1.2}{\376\377\0005\000.\0005\000.\0001\000.\0002\000\040\000c\000r\000e\000a\000t\000e\000S\000t\000a\000t\000e\000\050\000\051}{subsection.5.5.1}% 224
\BOOKMARK [3][-]{subsubsection.5.5.1.3}{\376\377\0005\000.\0005\000.\0001\000.\0003\000\040\000Q\000u\000o\000t\000e\000s\000C\000a\000r\000d\000\050\000\051}{subsection.5.5.1}% 225
\BOOKMARK [2][-]{subsection.5.5.2}{\376\377\0005\000.\0005\000.\0002\000\040\000V\000a\000r\000i\000a\000b\000l\000e\000\040\000D\000o\000c\000u\000m\000e\000n\000t\000a\000t\000i\000o\000n}{section.5.5}% 226
\BOOKMARK [3][-]{subsubsection.5.5.2.1}{\376\377\0005\000.\0005\000.\0002\000.\0001\000\040\000q\000u\000o\000t\000e}{subsection.5.5.2}% 227
\BOOKMARK [1][-]{section.5.6}{\376\377\0005\000.\0006\000\040\000l\000i\000b\000/\000k\000o\000m\000p\000o\000n\000e\000n\000t\000y\000/\000p\000r\000o\000f\000i\000l\000e\000.\000d\000a\000r\000t\000\040\000F\000i\000l\000e\000\040\000R\000e\000f\000e\000r\000e\000n\000c\000e}{chapter.5}% 228
\BOOKMARK [1][-]{section.5.7}{\376\377\0005\000.\0007\000\040\000l\000i\000b\000/\000k\000o\000m\000p\000o\000n\000e\000n\000t\000y\000/\000s\000t\000y\000l\000e\000d\000\137\000b\000u\000t\000t\000o\000n\000.\000d\000a\000r\000t\000\040\000F\000i\000l\000e\000\040\000R\000e\000f\000e\000r\000e\000n\000c\000e}{chapter.5}% 229
\BOOKMARK [2][-]{subsection.5.7.1}{\376\377\0005\000.\0007\000.\0001\000\040\000F\000u\000n\000c\000t\000i\000o\000n\000\040\000D\000o\000c\000u\000m\000e\000n\000t\000a\000t\000i\000o\000n}{section.5.7}% 230
\BOOKMARK [3][-]{subsubsection.5.7.1.1}{\376\377\0005\000.\0007\000.\0001\000.\0001\000\040\000b\000u\000i\000l\000d\000\050\000\051}{subsection.5.7.1}% 231
\BOOKMARK [3][-]{subsubsection.5.7.1.2}{\376\377\0005\000.\0007\000.\0001\000.\0002\000\040\000F\000u\000n\000c\000t\000i\000o\000n\000\050\000\051}{subsection.5.7.1}% 232
\BOOKMARK [3][-]{subsubsection.5.7.1.3}{\376\377\0005\000.\0007\000.\0001\000.\0003\000\040\000S\000t\000y\000l\000e\000d\000B\000u\000t\000t\000o\000n\000\050\000\051}{subsection.5.7.1}% 233
\BOOKMARK [3][-]{subsubsection.5.7.1.4}{\376\377\0005\000.\0007\000.\0001\000.\0004\000\040\000S\000t\000y\000l\000e\000d\000B\000u\000t\000t\000o\000n\000T\000e\000x\000t\000\050\000\051}{subsection.5.7.1}% 234
\BOOKMARK [2][-]{subsection.5.7.2}{\376\377\0005\000.\0007\000.\0002\000\040\000V\000a\000r\000i\000a\000b\000l\000e\000\040\000D\000o\000c\000u\000m\000e\000n\000t\000a\000t\000i\000o\000n}{section.5.7}% 235
\BOOKMARK [3][-]{subsubsection.5.7.2.1}{\376\377\0005\000.\0007\000.\0002\000.\0001\000\040\000c\000h\000i\000l\000d}{subsection.5.7.2}% 236
\BOOKMARK [3][-]{subsubsection.5.7.2.2}{\376\377\0005\000.\0007\000.\0002\000.\0002\000\040\000t\000e\000x\000t}{subsection.5.7.2}% 237
\BOOKMARK [1][-]{section.5.8}{\376\377\0005\000.\0008\000\040\000l\000i\000b\000/\000k\000o\000m\000p\000o\000n\000e\000n\000t\000y\000/\000s\000t\000y\000l\000e\000d\000\137\000t\000e\000x\000t\000.\000d\000a\000r\000t\000\040\000F\000i\000l\000e\000\040\000R\000e\000f\000e\000r\000e\000n\000c\000e}{chapter.5}% 238
\BOOKMARK [2][-]{subsection.5.8.1}{\376\377\0005\000.\0008\000.\0001\000\040\000F\000u\000n\000c\000t\000i\000o\000n\000\040\000D\000o\000c\000u\000m\000e\000n\000t\000a\000t\000i\000o\000n}{section.5.8}% 239
\BOOKMARK [3][-]{subsubsection.5.8.1.1}{\376\377\0005\000.\0008\000.\0001\000.\0001\000\040\000b\000u\000i\000l\000d\000\050\000\051}{subsection.5.8.1}% 240
\BOOKMARK [3][-]{subsubsection.5.8.1.2}{\376\377\0005\000.\0008\000.\0001\000.\0002\000\040\000S\000t\000y\000l\000e\000d\000A\000p\000p\000B\000a\000r\000T\000e\000x\000t\000\050\000\051}{subsection.5.8.1}% 241
\BOOKMARK [3][-]{subsubsection.5.8.1.3}{\376\377\0005\000.\0008\000.\0001\000.\0003\000\040\000S\000t\000y\000l\000e\000d\000B\000o\000d\000y\000T\000e\000x\000t\000\050\000\051}{subsection.5.8.1}% 242
\BOOKMARK [3][-]{subsubsection.5.8.1.4}{\376\377\0005\000.\0008\000.\0001\000.\0004\000\040\000S\000t\000y\000l\000e\000d\000E\000r\000r\000o\000r\000T\000e\000x\000t\000\050\000\051}{subsection.5.8.1}% 243
\BOOKMARK [3][-]{subsubsection.5.8.1.5}{\376\377\0005\000.\0008\000.\0001\000.\0005\000\040\000S\000t\000y\000l\000e\000d\000H\000e\000a\000d\000i\000n\000g\000\050\000\051}{subsection.5.8.1}% 244
\BOOKMARK [2][-]{subsection.5.8.2}{\376\377\0005\000.\0008\000.\0002\000\040\000V\000a\000r\000i\000a\000b\000l\000e\000\040\000D\000o\000c\000u\000m\000e\000n\000t\000a\000t\000i\000o\000n}{section.5.8}% 245
\BOOKMARK [3][-]{subsubsection.5.8.2.1}{\376\377\0005\000.\0008\000.\0002\000.\0001\000\040\000t\000e\000x\000t}{subsection.5.8.2}% 246
\BOOKMARK [1][-]{section.5.9}{\376\377\0005\000.\0009\000\040\000l\000i\000b\000/\000k\000o\000m\000p\000o\000n\000e\000n\000t\000y\000/\000t\000e\000x\000t\000.\000d\000a\000r\000t\000\040\000F\000i\000l\000e\000\040\000R\000e\000f\000e\000r\000e\000n\000c\000e}{chapter.5}% 247
\BOOKMARK [2][-]{subsection.5.9.1}{\376\377\0005\000.\0009\000.\0001\000\040\000F\000u\000n\000c\000t\000i\000o\000n\000\040\000D\000o\000c\000u\000m\000e\000n\000t\000a\000t\000i\000o\000n}{section.5.9}% 248
\BOOKMARK [3][-]{subsubsection.5.9.1.1}{\376\377\0005\000.\0009\000.\0001\000.\0001\000\040\000b\000u\000i\000l\000d\000\050\000\051}{subsection.5.9.1}% 249
\BOOKMARK [3][-]{subsubsection.5.9.1.2}{\376\377\0005\000.\0009\000.\0001\000.\0002\000\040\000S\000t\000y\000l\000i\000z\000o\000w\000a\000n\000y\000N\000a\000g\000l\000o\000w\000e\000k\000\050\000\051}{subsection.5.9.1}% 250
\BOOKMARK [3][-]{subsubsection.5.9.1.3}{\376\377\0005\000.\0009\000.\0001\000.\0003\000\040\000S\000t\000y\000l\000i\000z\000o\000w\000a\000n\000y\000T\000e\000x\000t\000\050\000\051}{subsection.5.9.1}% 251
\BOOKMARK [2][-]{subsection.5.9.2}{\376\377\0005\000.\0009\000.\0002\000\040\000V\000a\000r\000i\000a\000b\000l\000e\000\040\000D\000o\000c\000u\000m\000e\000n\000t\000a\000t\000i\000o\000n}{section.5.9}% 252
\BOOKMARK [3][-]{subsubsection.5.9.2.1}{\376\377\0005\000.\0009\000.\0002\000.\0001\000\040\000c\000o\000l\000o\000r}{subsection.5.9.2}% 253
\BOOKMARK [3][-]{subsubsection.5.9.2.2}{\376\377\0005\000.\0009\000.\0002\000.\0002\000\040\000t\000e\000x\000t}{subsection.5.9.2}% 254
\BOOKMARK [1][-]{section.5.10}{\376\377\0005\000.\0001\0000\000\040\000l\000i\000b\000/\000k\000o\000m\000p\000o\000n\000e\000n\000t\000y\000/\000t\000e\000x\000t\000f\000i\000e\000l\000d\000.\000d\000a\000r\000t\000\040\000F\000i\000l\000e\000\040\000R\000e\000f\000e\000r\000e\000n\000c\000e}{chapter.5}% 255
\BOOKMARK [1][-]{section.5.11}{\376\377\0005\000.\0001\0001\000\040\000l\000i\000b\000/\000m\000a\000i\000n\000.\000d\000a\000r\000t\000\040\000F\000i\000l\000e\000\040\000R\000e\000f\000e\000r\000e\000n\000c\000e}{chapter.5}% 256
\BOOKMARK [2][-]{subsection.5.11.1}{\376\377\0005\000.\0001\0001\000.\0001\000\040\000F\000u\000n\000c\000t\000i\000o\000n\000\040\000D\000o\000c\000u\000m\000e\000n\000t\000a\000t\000i\000o\000n}{section.5.11}% 257
\BOOKMARK [3][-]{subsubsection.5.11.1.1}{\376\377\0005\000.\0001\0001\000.\0001\000.\0001\000\040\000b\000u\000i\000l\000d\000\050\000\051}{subsection.5.11.1}% 258
\BOOKMARK [3][-]{subsubsection.5.11.1.2}{\376\377\0005\000.\0001\0001\000.\0001\000.\0002\000\040\000m\000a\000i\000n\000\050\000\051}{subsection.5.11.1}% 259
\BOOKMARK [3][-]{subsubsection.5.11.1.3}{\376\377\0005\000.\0001\0001\000.\0001\000.\0003\000\040\000N\000o\000S\000e\000s\000s\000i\000o\000n\000L\000o\000g\000i\000n\000\050\000\051}{subsection.5.11.1}% 260
\BOOKMARK [3][-]{subsubsection.5.11.1.4}{\376\377\0005\000.\0001\0001\000.\0001\000.\0004\000\040\000S\000e\000s\000s\000i\000o\000n\000L\000o\000g\000i\000n\000\050\000\051}{subsection.5.11.1}% 261
\BOOKMARK [1][-]{section.5.12}{\376\377\0005\000.\0001\0002\000\040\000l\000i\000b\000/\000m\000o\000d\000e\000l\000s\000/\000a\000p\000p\000\137\000u\000s\000e\000r\000.\000d\000a\000r\000t\000\040\000F\000i\000l\000e\000\040\000R\000e\000f\000e\000r\000e\000n\000c\000e}{chapter.5}% 262
\BOOKMARK [1][-]{section.5.13}{\376\377\0005\000.\0001\0003\000\040\000l\000i\000b\000/\000m\000o\000d\000e\000l\000s\000/\000b\000r\000i\000g\000h\000t\000n\000e\000s\000s\000.\000d\000a\000r\000t\000\040\000F\000i\000l\000e\000\040\000R\000e\000f\000e\000r\000e\000n\000c\000e}{chapter.5}% 263
\BOOKMARK [1][-]{section.5.14}{\376\377\0005\000.\0001\0004\000\040\000l\000i\000b\000/\000m\000o\000d\000e\000l\000s\000/\000f\000o\000r\000m\000\137\000s\000t\000a\000t\000e\000.\000d\000a\000r\000t\000\040\000F\000i\000l\000e\000\040\000R\000e\000f\000e\000r\000e\000n\000c\000e}{chapter.5}% 264
\BOOKMARK [1][-]{section.5.15}{\376\377\0005\000.\0001\0005\000\040\000l\000i\000b\000/\000m\000o\000d\000e\000l\000s\000/\000p\000r\000o\000g\000r\000e\000s\000s\000\137\000m\000o\000d\000e\000l\000.\000d\000a\000r\000t\000\040\000F\000i\000l\000e\000\040\000R\000e\000f\000e\000r\000e\000n\000c\000e}{chapter.5}% 265
\BOOKMARK [2][-]{subsection.5.15.1}{\376\377\0005\000.\0001\0005\000.\0001\000\040\000F\000u\000n\000c\000t\000i\000o\000n\000\040\000D\000o\000c\000u\000m\000e\000n\000t\000a\000t\000i\000o\000n}{section.5.15}% 266
\BOOKMARK [3][-]{subsubsection.5.15.1.1}{\376\377\0005\000.\0001\0005\000.\0001\000.\0001\000\040\000C\000a\000t\000e\000g\000o\000r\000y\000\050\000\051}{subsection.5.15.1}% 267
\BOOKMARK [3][-]{subsubsection.5.15.1.2}{\376\377\0005\000.\0001\0005\000.\0001\000.\0002\000\040\000d\000e\000t\000o\000k\000s\000\050\000\051}{subsection.5.15.1}% 268
\BOOKMARK [3][-]{subsubsection.5.15.1.3}{\376\377\0005\000.\0001\0005\000.\0001\000.\0003\000\040\000f\000r\000o\000m\000S\000t\000r\000i\000n\000g\000\050\000\051}{subsection.5.15.1}% 269
\BOOKMARK [3][-]{subsubsection.5.15.1.4}{\376\377\0005\000.\0001\0005\000.\0001\000.\0004\000\040\000p\000o\000s\000t\000a\000n\000o\000w\000i\000e\000n\000i\000e\000\050\000\051}{subsection.5.15.1}% 270
\BOOKMARK [3][-]{subsubsection.5.15.1.5}{\376\377\0005\000.\0001\0005\000.\0001\000.\0005\000\040\000P\000r\000o\000g\000r\000e\000s\000s\000\050\000\051}{subsection.5.15.1}% 271
\BOOKMARK [3][-]{subsubsection.5.15.1.6}{\376\377\0005\000.\0001\0005\000.\0001\000.\0006\000\040\000r\000o\000z\000w\000o\000j\000\137\000o\000s\000o\000b\000i\000s\000t\000y\000\050\000\051}{subsection.5.15.1}% 272
\BOOKMARK [3][-]{subsubsection.5.15.1.7}{\376\377\0005\000.\0001\0005\000.\0001\000.\0007\000\040\000t\000r\000e\000n\000i\000n\000g\000\137\000k\000a\000r\000d\000i\000o\000\050\000\051}{subsection.5.15.1}% 273
\BOOKMARK [3][-]{subsubsection.5.15.1.8}{\376\377\0005\000.\0001\0005\000.\0001\000.\0008\000\040\000t\000r\000e\000n\000i\000n\000g\000\137\000s\000i\000l\000o\000w\000y\000\050\000\051}{subsection.5.15.1}% 274
\BOOKMARK [2][-]{subsection.5.15.2}{\376\377\0005\000.\0001\0005\000.\0002\000\040\000V\000a\000r\000i\000a\000b\000l\000e\000\040\000D\000o\000c\000u\000m\000e\000n\000t\000a\000t\000i\000o\000n}{section.5.15}% 275
\BOOKMARK [3][-]{subsubsection.5.15.2.1}{\376\377\0005\000.\0001\0005\000.\0002\000.\0001\000\040\000c\000a\000t\000e\000g\000o\000r\000y}{subsection.5.15.2}% 276
\BOOKMARK [3][-]{subsubsection.5.15.2.2}{\376\377\0005\000.\0001\0005\000.\0002\000.\0002\000\040\000d\000a\000t\000e}{subsection.5.15.2}% 277
\BOOKMARK [3][-]{subsubsection.5.15.2.3}{\376\377\0005\000.\0001\0005\000.\0002\000.\0003\000\040\000d\000e\000s\000c\000r\000i\000p\000t\000i\000o\000n}{subsection.5.15.2}% 278
\BOOKMARK [3][-]{subsubsection.5.15.2.4}{\376\377\0005\000.\0001\0005\000.\0002\000.\0004\000\040\000i\000c\000o\000n}{subsection.5.15.2}% 279
\BOOKMARK [3][-]{subsubsection.5.15.2.5}{\376\377\0005\000.\0001\0005\000.\0002\000.\0005\000\040\000i\000m\000a\000g\000e}{subsection.5.15.2}% 280
\BOOKMARK [3][-]{subsubsection.5.15.2.6}{\376\377\0005\000.\0001\0005\000.\0002\000.\0006\000\040\000t\000i\000t\000l\000e}{subsection.5.15.2}% 281
\BOOKMARK [1][-]{section.5.16}{\376\377\0005\000.\0001\0006\000\040\000l\000i\000b\000/\000m\000o\000d\000e\000l\000s\000/\000q\000u\000o\000t\000e\000\137\000m\000o\000d\000e\000l\000.\000d\000a\000r\000t\000\040\000F\000i\000l\000e\000\040\000R\000e\000f\000e\000r\000e\000n\000c\000e}{chapter.5}% 282
\BOOKMARK [2][-]{subsection.5.16.1}{\376\377\0005\000.\0001\0006\000.\0001\000\040\000F\000u\000n\000c\000t\000i\000o\000n\000\040\000D\000o\000c\000u\000m\000e\000n\000t\000a\000t\000i\000o\000n}{section.5.16}% 283
\BOOKMARK [3][-]{subsubsection.5.16.1.1}{\376\377\0005\000.\0001\0006\000.\0001\000.\0001\000\040\000Q\000u\000o\000t\000e\000\050\000\051}{subsection.5.16.1}% 284
\BOOKMARK [3][-]{subsubsection.5.16.1.2}{\376\377\0005\000.\0001\0006\000.\0001\000.\0002\000\040\000Q\000u\000o\000t\000e\000T\000o\000C\000r\000e\000a\000t\000e\000\050\000\051}{subsection.5.16.1}% 285
\BOOKMARK [2][-]{subsection.5.16.2}{\376\377\0005\000.\0001\0006\000.\0002\000\040\000V\000a\000r\000i\000a\000b\000l\000e\000\040\000D\000o\000c\000u\000m\000e\000n\000t\000a\000t\000i\000o\000n}{section.5.16}% 286
\BOOKMARK [3][-]{subsubsection.5.16.2.1}{\376\377\0005\000.\0001\0006\000.\0002\000.\0001\000\040\000a\000u\000t\000h\000o\000r}{subsection.5.16.2}% 287
\BOOKMARK [3][-]{subsubsection.5.16.2.2}{\376\377\0005\000.\0001\0006\000.\0002\000.\0002\000\040\000d\000a\000t\000e}{subsection.5.16.2}% 288
\BOOKMARK [3][-]{subsubsection.5.16.2.3}{\376\377\0005\000.\0001\0006\000.\0002\000.\0003\000\040\000i\000s\000F\000a\000v}{subsection.5.16.2}% 289
\BOOKMARK [3][-]{subsubsection.5.16.2.4}{\376\377\0005\000.\0001\0006\000.\0002\000.\0004\000\040\000l\000i\000k\000e\000s}{subsection.5.16.2}% 290
\BOOKMARK [3][-]{subsubsection.5.16.2.5}{\376\377\0005\000.\0001\0006\000.\0002\000.\0005\000\040\000o\000w\000n\000e\000r\000I\000d}{subsection.5.16.2}% 291
\BOOKMARK [3][-]{subsubsection.5.16.2.6}{\376\377\0005\000.\0001\0006\000.\0002\000.\0006\000\040\000q\000u\000o\000t\000e}{subsection.5.16.2}% 292
\BOOKMARK [1][-]{section.5.17}{\376\377\0005\000.\0001\0007\000\040\000l\000i\000b\000/\000p\000r\000o\000v\000i\000d\000e\000r\000s\000/\000a\000u\000t\000h\000\137\000p\000r\000o\000v\000i\000d\000e\000r\000.\000d\000a\000r\000t\000\040\000F\000i\000l\000e\000\040\000R\000e\000f\000e\000r\000e\000n\000c\000e}{chapter.5}% 293
\BOOKMARK [2][-]{subsection.5.17.1}{\376\377\0005\000.\0001\0007\000.\0001\000\040\000V\000a\000r\000i\000a\000b\000l\000e\000\040\000D\000o\000c\000u\000m\000e\000n\000t\000a\000t\000i\000o\000n}{section.5.17}% 294
\BOOKMARK [3][-]{subsubsection.5.17.1.1}{\376\377\0005\000.\0001\0007\000.\0001\000.\0001\000\040\000a\000u\000t\000h\000P\000r\000o\000v\000i\000d\000e\000r}{subsection.5.17.1}% 295
\BOOKMARK [1][-]{section.5.18}{\376\377\0005\000.\0001\0008\000\040\000l\000i\000b\000/\000p\000r\000o\000v\000i\000d\000e\000r\000s\000/\000c\000u\000r\000r\000e\000n\000t\000\137\000q\000u\000o\000t\000e\000\137\000p\000r\000o\000v\000i\000d\000e\000r\000.\000d\000a\000r\000t\000\040\000F\000i\000l\000e\000\040\000R\000e\000f\000e\000r\000e\000n\000c\000e}{chapter.5}% 296
\BOOKMARK [2][-]{subsection.5.18.1}{\376\377\0005\000.\0001\0008\000.\0001\000\040\000F\000u\000n\000c\000t\000i\000o\000n\000\040\000D\000o\000c\000u\000m\000e\000n\000t\000a\000t\000i\000o\000n}{section.5.18}% 297
\BOOKMARK [3][-]{subsubsection.5.18.1.1}{\376\377\0005\000.\0001\0008\000.\0001\000.\0001\000\040\000c\000o\000p\000y\000W\000i\000t\000h\000\050\000\051}{subsection.5.18.1}% 298
\BOOKMARK [3][-]{subsubsection.5.18.1.2}{\376\377\0005\000.\0001\0008\000.\0001\000.\0002\000\040\000C\000u\000r\000r\000e\000n\000t\000Q\000u\000o\000t\000e\000S\000t\000a\000t\000e\000\050\000\051}{subsection.5.18.1}% 299
\BOOKMARK [2][-]{subsection.5.18.2}{\376\377\0005\000.\0001\0008\000.\0002\000\040\000V\000a\000r\000i\000a\000b\000l\000e\000\040\000D\000o\000c\000u\000m\000e\000n\000t\000a\000t\000i\000o\000n}{section.5.18}% 300
\BOOKMARK [3][-]{subsubsection.5.18.2.1}{\376\377\0005\000.\0001\0008\000.\0002\000.\0001\000\040\000d\000i\000s\000p\000l\000a\000y\000e\000d}{subsection.5.18.2}% 301
\BOOKMARK [3][-]{subsubsection.5.18.2.2}{\376\377\0005\000.\0001\0008\000.\0002\000.\0002\000\040\000s\000k\000i\000p\000p\000e\000d}{subsection.5.18.2}% 302
\BOOKMARK [1][-]{section.5.19}{\376\377\0005\000.\0001\0009\000\040\000l\000i\000b\000/\000p\000r\000o\000v\000i\000d\000e\000r\000s\000/\000h\000o\000m\000e\000\137\000p\000a\000g\000e\000\137\000p\000r\000o\000v\000i\000d\000e\000r\000s\000.\000d\000a\000r\000t\000\040\000F\000i\000l\000e\000\040\000R\000e\000f\000e\000r\000e\000n\000c\000e}{chapter.5}% 303
\BOOKMARK [2][-]{subsection.5.19.1}{\376\377\0005\000.\0001\0009\000.\0001\000\040\000F\000u\000n\000c\000t\000i\000o\000n\000\040\000D\000o\000c\000u\000m\000e\000n\000t\000a\000t\000i\000o\000n}{section.5.19}% 304
\BOOKMARK [3][-]{subsubsection.5.19.1.1}{\376\377\0005\000.\0001\0009\000.\0001\000.\0001\000\040\000i\000n\000c\000r\000e\000m\000e\000n\000t\000\050\000\051}{subsection.5.19.1}% 305
\BOOKMARK [3][-]{subsubsection.5.19.1.2}{\376\377\0005\000.\0001\0009\000.\0001\000.\0002\000\040\000r\000e\000s\000t\000a\000r\000t\000\050\000\051}{subsection.5.19.1}% 306
\BOOKMARK [2][-]{subsection.5.19.2}{\376\377\0005\000.\0001\0009\000.\0002\000\040\000V\000a\000r\000i\000a\000b\000l\000e\000\040\000D\000o\000c\000u\000m\000e\000n\000t\000a\000t\000i\000o\000n}{section.5.19}% 307
\BOOKMARK [3][-]{subsubsection.5.19.2.1}{\376\377\0005\000.\0001\0009\000.\0002\000.\0001\000\040\000a\000p\000p\000U\000s\000e\000r\000P\000r\000o\000v\000i\000d\000e\000r}{subsection.5.19.2}% 308
\BOOKMARK [3][-]{subsubsection.5.19.2.2}{\376\377\0005\000.\0001\0009\000.\0002\000.\0002\000\040\000b\000r\000i\000g\000h\000t\000n\000e\000s\000s\000P\000r\000o\000v\000i\000d\000e\000r}{subsection.5.19.2}% 309
\BOOKMARK [3][-]{subsubsection.5.19.2.3}{\376\377\0005\000.\0001\0009\000.\0002\000.\0003\000\040\000c\000u\000r\000r\000e\000n\000t\000Q\000u\000o\000t\000e\000P\000r\000o\000v\000i\000d\000e\000r}{subsection.5.19.2}% 310
\BOOKMARK [3][-]{subsubsection.5.19.2.4}{\376\377\0005\000.\0001\0009\000.\0002\000.\0004\000\040\000d\000i\000s\000p\000l\000a\000y\000e\000d}{subsection.5.19.2}% 311
\BOOKMARK [3][-]{subsubsection.5.19.2.5}{\376\377\0005\000.\0001\0009\000.\0002\000.\0005\000\040\000p\000r\000o\000g\000r\000e\000s\000s\000P\000r\000o\000v\000i\000d\000e\000r}{subsection.5.19.2}% 312
\BOOKMARK [3][-]{subsubsection.5.19.2.6}{\376\377\0005\000.\0001\0009\000.\0002\000.\0006\000\040\000q\000u\000o\000t\000e\000s\000P\000r\000o\000v\000i\000d\000e\000r}{subsection.5.19.2}% 313
\BOOKMARK [3][-]{subsubsection.5.19.2.7}{\376\377\0005\000.\0001\0009\000.\0002\000.\0007\000\040\000s\000k\000i\000p\000p\000e\000d}{subsection.5.19.2}% 314
\BOOKMARK [3][-]{subsubsection.5.19.2.8}{\376\377\0005\000.\0001\0009\000.\0002\000.\0008\000\040\000t\000i\000t\000l\000e\000P\000r\000o\000v\000i\000d\000e\000r}{subsection.5.19.2}% 315
\BOOKMARK [1][-]{section.5.20}{\376\377\0005\000.\0002\0000\000\040\000l\000i\000b\000/\000p\000r\000o\000v\000i\000d\000e\000r\000s\000.\000d\000a\000r\000t\000\040\000F\000i\000l\000e\000\040\000R\000e\000f\000e\000r\000e\000n\000c\000e}{chapter.5}% 316
\BOOKMARK [2][-]{subsection.5.20.1}{\376\377\0005\000.\0002\0000\000.\0001\000\040\000V\000a\000r\000i\000a\000b\000l\000e\000\040\000D\000o\000c\000u\000m\000e\000n\000t\000a\000t\000i\000o\000n}{section.5.20}% 317
\BOOKMARK [3][-]{subsubsection.5.20.1.1}{\376\377\0005\000.\0002\0000\000.\0001\000.\0001\000\040\000i\000s\000S\000i\000g\000n\000U\000p\000F\000o\000r\000m\000P\000r\000o\000v\000i\000d\000e\000r}{subsection.5.20.1}% 318
\BOOKMARK [1][-]{section.5.21}{\376\377\0005\000.\0002\0001\000\040\000l\000i\000b\000/\000p\000r\000o\000v\000i\000d\000e\000r\000s\000/\000p\000r\000o\000v\000i\000d\000e\000r\000s\000.\000d\000a\000r\000t\000\040\000F\000i\000l\000e\000\040\000R\000e\000f\000e\000r\000e\000n\000c\000e}{chapter.5}% 319
\BOOKMARK [2][-]{subsection.5.21.1}{\376\377\0005\000.\0002\0001\000.\0001\000\040\000V\000a\000r\000i\000a\000b\000l\000e\000\040\000D\000o\000c\000u\000m\000e\000n\000t\000a\000t\000i\000o\000n}{section.5.21}% 320
\BOOKMARK [3][-]{subsubsection.5.21.1.1}{\376\377\0005\000.\0002\0001\000.\0001\000.\0001\000\040\000p\000r\000o\000g\000r\000e\000s\000s\000F\000o\000r\000m\000P\000r\000o\000v\000i\000d\000e\000r}{subsection.5.21.1}% 321
\BOOKMARK [1][-]{section.5.22}{\376\377\0005\000.\0002\0002\000\040\000l\000i\000b\000/\000s\000e\000r\000v\000i\000c\000e\000s\000/\000a\000u\000t\000h\000\137\000s\000e\000r\000v\000i\000c\000e\000.\000d\000a\000r\000t\000\040\000F\000i\000l\000e\000\040\000R\000e\000f\000e\000r\000e\000n\000c\000e}{chapter.5}% 322
\BOOKMARK [1][-]{section.5.23}{\376\377\0005\000.\0002\0003\000\040\000l\000i\000b\000/\000s\000e\000r\000v\000i\000c\000e\000s\000/\000l\000o\000c\000a\000l\000\137\000a\000u\000t\000h\000\137\000s\000e\000r\000v\000i\000c\000e\000.\000d\000a\000r\000t\000\040\000F\000i\000l\000e\000\040\000R\000e\000f\000e\000r\000e\000n\000c\000e}{chapter.5}% 323
\BOOKMARK [1][-]{section.5.24}{\376\377\0005\000.\0002\0004\000\040\000l\000i\000b\000/\000s\000t\000r\000o\000n\000y\000/\000a\000p\000l\000i\000k\000a\000c\000j\000a\000/\000h\000o\000m\000e\000.\000d\000a\000r\000t\000\040\000F\000i\000l\000e\000\040\000R\000e\000f\000e\000r\000e\000n\000c\000e}{chapter.5}% 324
\BOOKMARK [2][-]{subsection.5.24.1}{\376\377\0005\000.\0002\0004\000.\0001\000\040\000F\000u\000n\000c\000t\000i\000o\000n\000\040\000D\000o\000c\000u\000m\000e\000n\000t\000a\000t\000i\000o\000n}{section.5.24}% 325
\BOOKMARK [3][-]{subsubsection.5.24.1.1}{\376\377\0005\000.\0002\0004\000.\0001\000.\0001\000\040\000b\000u\000i\000l\000d\000\050\000\051}{subsection.5.24.1}% 326
\BOOKMARK [3][-]{subsubsection.5.24.1.2}{\376\377\0005\000.\0002\0004\000.\0001\000.\0002\000\040\000i\000n\000i\000t\000S\000t\000a\000t\000e\000\050\000\051}{subsection.5.24.1}% 327
\BOOKMARK [3][-]{subsubsection.5.24.1.3}{\376\377\0005\000.\0002\0004\000.\0001\000.\0003\000\040\000u\000p\000d\000a\000t\000e\000I\000n\000d\000e\000x\000\050\000\051}{subsection.5.24.1}% 328
\BOOKMARK [2][-]{subsection.5.24.2}{\376\377\0005\000.\0002\0004\000.\0002\000\040\000V\000a\000r\000i\000a\000b\000l\000e\000\040\000D\000o\000c\000u\000m\000e\000n\000t\000a\000t\000i\000o\000n}{section.5.24}% 329
\BOOKMARK [3][-]{subsubsection.5.24.2.1}{\376\377\0005\000.\0002\0004\000.\0002\000.\0001\000\040\000i\000n\000d\000e\000x}{subsection.5.24.2}% 330
\BOOKMARK [3][-]{subsubsection.5.24.2.2}{\376\377\0005\000.\0002\0004\000.\0002\000.\0002\000\040\000i\000s\000S\000c\000r\000e\000e\000n\000D\000i\000m\000m\000e\000d}{subsection.5.24.2}% 331
\BOOKMARK [3][-]{subsubsection.5.24.2.3}{\376\377\0005\000.\0002\0004\000.\0002\000.\0003\000\040\000p\000r\000o\000f\000i\000l\000e\000I\000m\000a\000g\000e}{subsection.5.24.2}% 332
\BOOKMARK [1][-]{section.5.25}{\376\377\0005\000.\0002\0005\000\040\000l\000i\000b\000/\000s\000t\000r\000o\000n\000y\000/\000a\000p\000l\000i\000k\000a\000c\000j\000a\000/\000p\000r\000o\000g\000r\000e\000s\000s\000D\000o\000c\000u\000m\000e\000n\000t\000a\000t\000i\000o\000n\000s\000.\000d\000a\000r\000t\000\040\000F\000i\000l\000e\000\040\000R\000e\000f\000e\000r\000e\000n\000c\000e}{chapter.5}% 333
\BOOKMARK [2][-]{subsection.5.25.1}{\376\377\0005\000.\0002\0005\000.\0001\000\040\000F\000u\000n\000c\000t\000i\000o\000n\000\040\000D\000o\000c\000u\000m\000e\000n\000t\000a\000t\000i\000o\000n}{section.5.25}% 334
\BOOKMARK [3][-]{subsubsection.5.25.1.1}{\376\377\0005\000.\0002\0005\000.\0001\000.\0001\000\040\000\137\000i\000n\000i\000t\000i\000a\000l\000i\000z\000e\000S\000e\000r\000i\000a\000\050\000\051}{subsection.5.25.1}% 335
\BOOKMARK [3][-]{subsubsection.5.25.1.2}{\376\377\0005\000.\0002\0005\000.\0001\000.\0002\000\040\000\137\000u\000p\000d\000a\000t\000e\000T\000i\000m\000e\000\050\000\051}{subsection.5.25.1}% 336
\BOOKMARK [3][-]{subsubsection.5.25.1.3}{\376\377\0005\000.\0002\0005\000.\0001\000.\0003\000\040\000b\000u\000i\000l\000d\000\050\000\051}{subsection.5.25.1}% 337
\BOOKMARK [3][-]{subsubsection.5.25.1.4}{\376\377\0005\000.\0002\0005\000.\0001\000.\0004\000\040\000d\000i\000s\000p\000o\000s\000e\000\050\000\051}{subsection.5.25.1}% 338
\BOOKMARK [3][-]{subsubsection.5.25.1.5}{\376\377\0005\000.\0002\0005\000.\0001\000.\0005\000\040\000i\000n\000i\000t\000S\000t\000a\000t\000e\000\050\000\051}{subsection.5.25.1}% 339
\BOOKMARK [2][-]{subsection.5.25.2}{\376\377\0005\000.\0002\0005\000.\0002\000\040\000V\000a\000r\000i\000a\000b\000l\000e\000\040\000D\000o\000c\000u\000m\000e\000n\000t\000a\000t\000i\000o\000n}{section.5.25}% 340
\BOOKMARK [3][-]{subsubsection.5.25.2.1}{\376\377\0005\000.\0002\0005\000.\0002\000.\0001\000\040\000\137\000t\000i\000m\000e\000r}{subsection.5.25.2}% 341
\BOOKMARK [3][-]{subsubsection.5.25.2.2}{\376\377\0005\000.\0002\0005\000.\0002\000.\0002\000\040\000\137\000t\000i\000m\000e\000S\000t\000r\000i\000n\000g}{subsection.5.25.2}% 342
\BOOKMARK [3][-]{subsubsection.5.25.2.3}{\376\377\0005\000.\0002\0005\000.\0002\000.\0003\000\040\000c\000o\000n\000t\000r\000o\000l\000l\000e\000r}{subsection.5.25.2}% 343
\BOOKMARK [3][-]{subsubsection.5.25.2.4}{\376\377\0005\000.\0002\0005\000.\0002\000.\0004\000\040\000s\000e\000r\000i\000a}{subsection.5.25.2}% 344
\BOOKMARK [1][-]{section.5.26}{\376\377\0005\000.\0002\0006\000\040\000l\000i\000b\000/\000s\000t\000r\000o\000n\000y\000/\000a\000p\000l\000i\000k\000a\000c\000j\000a\000/\000z\000a\000k\000l\000a\000d\000k\000i\000/\000a\000y\000s\000t\000e\000n\000t\000.\000d\000a\000r\000t\000\040\000F\000i\000l\000e\000\040\000R\000e\000f\000e\000r\000e\000n\000c\000e}{chapter.5}% 345
\BOOKMARK [1][-]{section.5.27}{\376\377\0005\000.\0002\0007\000\040\000l\000i\000b\000/\000s\000t\000r\000o\000n\000y\000/\000a\000p\000l\000i\000k\000a\000c\000j\000a\000/\000z\000a\000k\000l\000a\000d\000k\000i\000/\000c\000a\000m\000e\000r\000a\000.\000d\000a\000r\000t\000\040\000F\000i\000l\000e\000\040\000R\000e\000f\000e\000r\000e\000n\000c\000e}{chapter.5}% 346
\BOOKMARK [2][-]{subsection.5.27.1}{\376\377\0005\000.\0002\0007\000.\0001\000\040\000F\000u\000n\000c\000t\000i\000o\000n\000\040\000D\000o\000c\000u\000m\000e\000n\000t\000a\000t\000i\000o\000n}{section.5.27}% 347
\BOOKMARK [3][-]{subsubsection.5.27.1.1}{\376\377\0005\000.\0002\0007\000.\0001\000.\0001\000\040\000\137\000s\000e\000t\000u\000p\000C\000a\000m\000e\000r\000a\000C\000o\000n\000t\000r\000o\000l\000l\000e\000r\000\050\000\051}{subsection.5.27.1}% 348
\BOOKMARK [3][-]{subsubsection.5.27.1.2}{\376\377\0005\000.\0002\0007\000.\0001\000.\0002\000\040\000b\000u\000i\000l\000d\000\050\000\051}{subsection.5.27.1}% 349
\BOOKMARK [3][-]{subsubsection.5.27.1.3}{\376\377\0005\000.\0002\0007\000.\0001\000.\0003\000\040\000c\000a\000m\000e\000r\000a\000U\000I\000\050\000\051}{subsection.5.27.1}% 350
\BOOKMARK [3][-]{subsubsection.5.27.1.4}{\376\377\0005\000.\0002\0007\000.\0001\000.\0004\000\040\000i\000n\000i\000t\000S\000t\000a\000t\000e\000\050\000\051}{subsection.5.27.1}% 351
\BOOKMARK [2][-]{subsection.5.27.2}{\376\377\0005\000.\0002\0007\000.\0002\000\040\000V\000a\000r\000i\000a\000b\000l\000e\000\040\000D\000o\000c\000u\000m\000e\000n\000t\000a\000t\000i\000o\000n}{section.5.27}% 352
\BOOKMARK [3][-]{subsubsection.5.27.2.1}{\376\377\0005\000.\0002\0007\000.\0002\000.\0001\000\040\000c\000a\000m\000e\000r\000a\000C\000o\000n\000t\000r\000o\000l\000l\000e\000r}{subsection.5.27.2}% 353
\BOOKMARK [3][-]{subsubsection.5.27.2.2}{\376\377\0005\000.\0002\0007\000.\0002\000.\0002\000\040\000c\000a\000m\000e\000r\000a\000s}{subsection.5.27.2}% 354
\BOOKMARK [1][-]{section.5.28}{\376\377\0005\000.\0002\0008\000\040\000l\000i\000b\000/\000s\000t\000r\000o\000n\000y\000/\000a\000p\000l\000i\000k\000a\000c\000j\000a\000/\000z\000a\000k\000l\000a\000d\000k\000i\000/\000c\000y\000t\000a\000t\000y\000.\000d\000a\000r\000t\000\040\000F\000i\000l\000e\000\040\000R\000e\000f\000e\000r\000e\000n\000c\000e}{chapter.5}% 355
\BOOKMARK [2][-]{subsection.5.28.1}{\376\377\0005\000.\0002\0008\000.\0001\000\040\000F\000u\000n\000c\000t\000i\000o\000n\000\040\000D\000o\000c\000u\000m\000e\000n\000t\000a\000t\000i\000o\000n}{section.5.28}% 356
\BOOKMARK [3][-]{subsubsection.5.28.1.1}{\376\377\0005\000.\0002\0008\000.\0001\000.\0001\000\040\000b\000u\000i\000l\000d\000\050\000\051}{subsection.5.28.1}% 357
\BOOKMARK [3][-]{subsubsection.5.28.1.2}{\376\377\0005\000.\0002\0008\000.\0001\000.\0002\000\040\000d\000i\000d\000C\000h\000a\000n\000g\000e\000D\000e\000p\000e\000n\000d\000e\000n\000c\000i\000e\000s\000\050\000\051}{subsection.5.28.1}% 358
\BOOKMARK [2][-]{subsection.5.28.2}{\376\377\0005\000.\0002\0008\000.\0002\000\040\000V\000a\000r\000i\000a\000b\000l\000e\000\040\000D\000o\000c\000u\000m\000e\000n\000t\000a\000t\000i\000o\000n}{section.5.28}% 359
\BOOKMARK [3][-]{subsubsection.5.28.2.1}{\376\377\0005\000.\0002\0008\000.\0002\000.\0001\000\040\000\137\000i\000s\000I\000n\000i\000t\000i\000a\000l\000i\000z\000e\000d}{subsection.5.28.2}% 360
\BOOKMARK [3][-]{subsubsection.5.28.2.2}{\376\377\0005\000.\0002\0008\000.\0002\000.\0002\000\040\000s\000w\000i\000p\000e\000r\000C\000o\000n\000t\000r\000o\000l\000l\000e\000r}{subsection.5.28.2}% 361
\BOOKMARK [1][-]{section.5.29}{\376\377\0005\000.\0002\0009\000\040\000l\000i\000b\000/\000s\000t\000r\000o\000n\000y\000/\000a\000p\000l\000i\000k\000a\000c\000j\000a\000/\000z\000a\000k\000l\000a\000d\000k\000i\000/\000p\000l\000a\000n\000.\000d\000a\000r\000t\000\040\000F\000i\000l\000e\000\040\000R\000e\000f\000e\000r\000e\000n\000c\000e}{chapter.5}% 362
\BOOKMARK [2][-]{subsection.5.29.1}{\376\377\0005\000.\0002\0009\000.\0001\000\040\000F\000u\000n\000c\000t\000i\000o\000n\000\040\000D\000o\000c\000u\000m\000e\000n\000t\000a\000t\000i\000o\000n}{section.5.29}% 363
\BOOKMARK [3][-]{subsubsection.5.29.1.1}{\376\377\0005\000.\0002\0009\000.\0001\000.\0001\000\040\000\137\000a\000d\000d\000E\000x\000e\000r\000c\000i\000s\000e\000\050\000\051}{subsection.5.29.1}% 364
\BOOKMARK [3][-]{subsubsection.5.29.1.2}{\376\377\0005\000.\0002\0009\000.\0001\000.\0002\000\040\000\137\000a\000d\000d\000W\000o\000r\000k\000o\000u\000t\000\050\000\051}{subsection.5.29.1}% 365
\BOOKMARK [3][-]{subsubsection.5.29.1.3}{\376\377\0005\000.\0002\0009\000.\0001\000.\0003\000\040\000\137\000d\000e\000l\000e\000t\000e\000W\000o\000r\000k\000o\000u\000t\000\050\000\051}{subsection.5.29.1}% 366
\BOOKMARK [3][-]{subsubsection.5.29.1.4}{\376\377\0005\000.\0002\0009\000.\0001\000.\0004\000\040\000\137\000f\000e\000t\000c\000h\000W\000o\000r\000k\000o\000u\000t\000s\000\050\000\051}{subsection.5.29.1}% 367
\BOOKMARK [3][-]{subsubsection.5.29.1.5}{\376\377\0005\000.\0002\0009\000.\0001\000.\0005\000\040\000\137\000r\000e\000m\000o\000v\000e\000E\000x\000e\000r\000c\000i\000s\000e\000\050\000\051}{subsection.5.29.1}% 368
\BOOKMARK [3][-]{subsubsection.5.29.1.6}{\376\377\0005\000.\0002\0009\000.\0001\000.\0006\000\040\000\137\000r\000e\000m\000o\000v\000e\000W\000o\000r\000k\000o\000u\000t\000\050\000\051}{subsection.5.29.1}% 369
\BOOKMARK [3][-]{subsubsection.5.29.1.7}{\376\377\0005\000.\0002\0009\000.\0001\000.\0007\000\040\000\137\000s\000a\000v\000e\000W\000o\000r\000k\000o\000u\000t\000\050\000\051}{subsection.5.29.1}% 370
\BOOKMARK [3][-]{subsubsection.5.29.1.8}{\376\377\0005\000.\0002\0009\000.\0001\000.\0008\000\040\000b\000u\000i\000l\000d\000\050\000\051}{subsection.5.29.1}% 371
\BOOKMARK [3][-]{subsubsection.5.29.1.9}{\376\377\0005\000.\0002\0009\000.\0001\000.\0009\000\040\000d\000e\000s\000e\000r\000i\000a\000l\000i\000z\000e\000W\000o\000r\000k\000o\000u\000t\000s\000\050\000\051}{subsection.5.29.1}% 372
\BOOKMARK [3][-]{subsubsection.5.29.1.10}{\376\377\0005\000.\0002\0009\000.\0001\000.\0001\0000\000\040\000E\000x\000e\000r\000c\000i\000s\000e\000\050\000\051}{subsection.5.29.1}% 373
\BOOKMARK [3][-]{subsubsection.5.29.1.11}{\376\377\0005\000.\0002\0009\000.\0001\000.\0001\0001\000\040\000i\000n\000i\000t\000S\000t\000a\000t\000e\000\050\000\051}{subsection.5.29.1}% 374
\BOOKMARK [3][-]{subsubsection.5.29.1.12}{\376\377\0005\000.\0002\0009\000.\0001\000.\0001\0002\000\040\000t\000o\000M\000a\000p\000\050\000\051}{subsection.5.29.1}% 375
\BOOKMARK [2][-]{subsection.5.29.2}{\376\377\0005\000.\0002\0009\000.\0002\000\040\000V\000a\000r\000i\000a\000b\000l\000e\000\040\000D\000o\000c\000u\000m\000e\000n\000t\000a\000t\000i\000o\000n}{section.5.29}% 376
\BOOKMARK [3][-]{subsubsection.5.29.2.1}{\376\377\0005\000.\0002\0009\000.\0002\000.\0001\000\040\000n\000a\000m\000e}{subsection.5.29.2}% 377
\BOOKMARK [3][-]{subsubsection.5.29.2.2}{\376\377\0005\000.\0002\0009\000.\0002\000.\0002\000\040\000r\000e\000p\000e\000t\000i\000t\000i\000o\000n\000s}{subsection.5.29.2}% 378
\BOOKMARK [3][-]{subsubsection.5.29.2.3}{\376\377\0005\000.\0002\0009\000.\0002\000.\0003\000\040\000s\000e\000t\000s}{subsection.5.29.2}% 379
\BOOKMARK [3][-]{subsubsection.5.29.2.4}{\376\377\0005\000.\0002\0009\000.\0002\000.\0004\000\040\000w\000e\000i\000g\000h\000t}{subsection.5.29.2}% 380
\BOOKMARK [3][-]{subsubsection.5.29.2.5}{\376\377\0005\000.\0002\0009\000.\0002\000.\0005\000\040\000w\000o\000r\000k\000o\000u\000t\000s}{subsection.5.29.2}% 381
\BOOKMARK [1][-]{section.5.30}{\376\377\0005\000.\0003\0000\000\040\000l\000i\000b\000/\000s\000t\000r\000o\000n\000y\000/\000a\000p\000l\000i\000k\000a\000c\000j\000a\000/\000z\000a\000k\000l\000a\000d\000k\000i\000/\000p\000l\000a\000n\000\137\000t\000r\000e\000n\000i\000n\000g\000o\000w\000y\000.\000d\000a\000r\000t\000\040\000F\000i\000l\000e\000\040\000R\000e\000f\000e\000r\000e\000n\000c\000e}{chapter.5}% 382
\BOOKMARK [2][-]{subsection.5.30.1}{\376\377\0005\000.\0003\0000\000.\0001\000\040\000F\000u\000n\000c\000t\000i\000o\000n\000\040\000D\000o\000c\000u\000m\000e\000n\000t\000a\000t\000i\000o\000n}{section.5.30}% 383
\BOOKMARK [3][-]{subsubsection.5.30.1.1}{\376\377\0005\000.\0003\0000\000.\0001\000.\0001\000\040\000b\000u\000i\000l\000d\000\050\000\051}{subsection.5.30.1}% 384
\BOOKMARK [3][-]{subsubsection.5.30.1.2}{\376\377\0005\000.\0003\0000\000.\0001\000.\0002\000\040\000P\000l\000a\000n\000T\000r\000e\000n\000i\000n\000g\000o\000w\000y\000\050\000\051}{subsection.5.30.1}% 385
\BOOKMARK [2][-]{subsection.5.30.2}{\376\377\0005\000.\0003\0000\000.\0002\000\040\000V\000a\000r\000i\000a\000b\000l\000e\000\040\000D\000o\000c\000u\000m\000e\000n\000t\000a\000t\000i\000o\000n}{section.5.30}% 386
\BOOKMARK [3][-]{subsubsection.5.30.2.1}{\376\377\0005\000.\0003\0000\000.\0002\000.\0001\000\040\000c\000h\000i\000l\000d}{subsection.5.30.2}% 387
\BOOKMARK [3][-]{subsubsection.5.30.2.2}{\376\377\0005\000.\0003\0000\000.\0002\000.\0002\000\040\000o\000n\000P\000r\000e\000s\000s\000e\000d}{subsection.5.30.2}% 388
\BOOKMARK [3][-]{subsubsection.5.30.2.3}{\376\377\0005\000.\0003\0000\000.\0002\000.\0003\000\040\000s\000t\000y\000l\000e}{subsection.5.30.2}% 389
\BOOKMARK [1][-]{section.5.31}{\376\377\0005\000.\0003\0001\000\040\000l\000i\000b\000/\000s\000t\000r\000o\000n\000y\000/\000a\000p\000l\000i\000k\000a\000c\000j\000a\000/\000z\000a\000k\000l\000a\000d\000k\000i\000/\000p\000o\000m\000i\000a\000r\000y\000.\000d\000a\000r\000t\000\040\000F\000i\000l\000e\000\040\000R\000e\000f\000e\000r\000e\000n\000c\000e}{chapter.5}% 390
\BOOKMARK [1][-]{section.5.32}{\376\377\0005\000.\0003\0002\000\040\000l\000i\000b\000/\000s\000t\000r\000o\000n\000y\000/\000a\000p\000l\000i\000k\000a\000c\000j\000a\000/\000z\000a\000k\000l\000a\000d\000k\000i\000/\000p\000r\000o\000f\000i\000l\000\137\000u\000z\000y\000t\000k\000o\000w\000n\000i\000k\000a\000.\000d\000a\000r\000t\000\040\000F\000i\000l\000e\000\040\000R\000e\000f\000e\000r\000e\000n\000c\000e}{chapter.5}% 391
\BOOKMARK [2][-]{subsection.5.32.1}{\376\377\0005\000.\0003\0002\000.\0001\000\040\000F\000u\000n\000c\000t\000i\000o\000n\000\040\000D\000o\000c\000u\000m\000e\000n\000t\000a\000t\000i\000o\000n}{section.5.32}% 392
\BOOKMARK [3][-]{subsubsection.5.32.1.1}{\376\377\0005\000.\0003\0002\000.\0001\000.\0001\000\040\000b\000u\000i\000l\000d\000\050\000\051}{subsection.5.32.1}% 393
\BOOKMARK [3][-]{subsubsection.5.32.1.2}{\376\377\0005\000.\0003\0002\000.\0001\000.\0002\000\040\000i\000n\000i\000t\000S\000t\000a\000t\000e\000\050\000\051}{subsection.5.32.1}% 394
\BOOKMARK [3][-]{subsubsection.5.32.1.3}{\376\377\0005\000.\0003\0002\000.\0001\000.\0003\000\040\000u\000p\000d\000a\000t\000e\000P\000r\000o\000f\000i\000l\000e\000I\000m\000g\000\050\000\051}{subsection.5.32.1}% 395
\BOOKMARK [2][-]{subsection.5.32.2}{\376\377\0005\000.\0003\0002\000.\0002\000\040\000V\000a\000r\000i\000a\000b\000l\000e\000\040\000D\000o\000c\000u\000m\000e\000n\000t\000a\000t\000i\000o\000n}{section.5.32}% 396
\BOOKMARK [3][-]{subsubsection.5.32.2.1}{\376\377\0005\000.\0003\0002\000.\0002\000.\0001\000\040\000n\000a\000m\000e\000C\000o\000n\000t\000r\000o\000l\000l\000e\000r}{subsection.5.32.2}% 397
\BOOKMARK [3][-]{subsubsection.5.32.2.2}{\376\377\0005\000.\0003\0002\000.\0002\000.\0002\000\040\000p\000r\000o\000f\000i\000l\000e\000I\000m\000a\000g\000e}{subsection.5.32.2}% 398
\BOOKMARK [1][-]{section.5.33}{\376\377\0005\000.\0003\0003\000\040\000l\000i\000b\000/\000s\000t\000r\000o\000n\000y\000/\000a\000p\000l\000i\000k\000a\000c\000j\000a\000/\000z\000a\000k\000l\000a\000d\000k\000i\000/\000t\000w\000o\000r\000z\000e\000n\000i\000e\000\137\000c\000y\000t\000a\000t\000u\000.\000d\000a\000r\000t\000\040\000F\000i\000l\000e\000\040\000R\000e\000f\000e\000r\000e\000n\000c\000e}{chapter.5}% 399
\BOOKMARK [2][-]{subsection.5.33.1}{\376\377\0005\000.\0003\0003\000.\0001\000\040\000F\000u\000n\000c\000t\000i\000o\000n\000\040\000D\000o\000c\000u\000m\000e\000n\000t\000a\000t\000i\000o\000n}{section.5.33}% 400
\BOOKMARK [3][-]{subsubsection.5.33.1.1}{\376\377\0005\000.\0003\0003\000.\0001\000.\0001\000\040\000b\000u\000i\000l\000d\000\050\000\051}{subsection.5.33.1}% 401
\BOOKMARK [2][-]{subsection.5.33.2}{\376\377\0005\000.\0003\0003\000.\0002\000\040\000V\000a\000r\000i\000a\000b\000l\000e\000\040\000D\000o\000c\000u\000m\000e\000n\000t\000a\000t\000i\000o\000n}{section.5.33}% 402
\BOOKMARK [3][-]{subsubsection.5.33.2.1}{\376\377\0005\000.\0003\0003\000.\0002\000.\0001\000\040\000a\000u\000t\000o\000r\000C\000o\000n\000t\000r\000o\000l\000l\000e\000r}{subsection.5.33.2}% 403
\BOOKMARK [3][-]{subsubsection.5.33.2.2}{\376\377\0005\000.\0003\0003\000.\0002\000.\0002\000\040\000d\000a\000t\000e}{subsection.5.33.2}% 404
\BOOKMARK [3][-]{subsubsection.5.33.2.3}{\376\377\0005\000.\0003\0003\000.\0002\000.\0003\000\040\000o\000w\000n\000e\000r\000I\000d}{subsection.5.33.2}% 405
\BOOKMARK [3][-]{subsubsection.5.33.2.4}{\376\377\0005\000.\0003\0003\000.\0002\000.\0004\000\040\000q\000u\000o\000t\000e\000C\000o\000n\000t\000r\000o\000l\000l\000e\000r}{subsection.5.33.2}% 406
\BOOKMARK [1][-]{section.5.34}{\376\377\0005\000.\0003\0004\000\040\000l\000i\000b\000/\000s\000t\000r\000o\000n\000y\000/\000a\000u\000t\000o\000r\000y\000z\000a\000c\000j\000a\000/\000l\000o\000g\000o\000w\000a\000n\000i\000e\000.\000d\000a\000r\000t\000\040\000F\000i\000l\000e\000\040\000R\000e\000f\000e\000r\000e\000n\000c\000e}{chapter.5}% 407
\BOOKMARK [2][-]{subsection.5.34.1}{\376\377\0005\000.\0003\0004\000.\0001\000\040\000F\000u\000n\000c\000t\000i\000o\000n\000\040\000D\000o\000c\000u\000m\000e\000n\000t\000a\000t\000i\000o\000n}{section.5.34}% 408
\BOOKMARK [3][-]{subsubsection.5.34.1.1}{\376\377\0005\000.\0003\0004\000.\0001\000.\0001\000\040\000b\000u\000i\000l\000d\000\050\000\051}{subsection.5.34.1}% 409
\BOOKMARK [2][-]{subsection.5.34.2}{\376\377\0005\000.\0003\0004\000.\0002\000\040\000V\000a\000r\000i\000a\000b\000l\000e\000\040\000D\000o\000c\000u\000m\000e\000n\000t\000a\000t\000i\000o\000n}{section.5.34}% 410
\BOOKMARK [3][-]{subsubsection.5.34.2.1}{\376\377\0005\000.\0003\0004\000.\0002\000.\0001\000\040\000\137\000e\000m\000a\000i\000l\000C\000o\000n\000t\000r\000o\000l\000l\000e\000r}{subsection.5.34.2}% 411
\BOOKMARK [3][-]{subsubsection.5.34.2.2}{\376\377\0005\000.\0003\0004\000.\0002\000.\0002\000\040\000\137\000e\000r\000r\000o\000r\000F\000e\000e\000d\000b\000a\000c\000k}{subsection.5.34.2}% 412
\BOOKMARK [3][-]{subsubsection.5.34.2.3}{\376\377\0005\000.\0003\0004\000.\0002\000.\0003\000\040\000\137\000f\000o\000r\000m\000K\000e\000y}{subsection.5.34.2}% 413
\BOOKMARK [3][-]{subsubsection.5.34.2.4}{\376\377\0005\000.\0003\0004\000.\0002\000.\0004\000\040\000\137\000p\000a\000s\000s\000w\000o\000r\000d\000C\000o\000n\000t\000r\000o\000l\000l\000e\000r}{subsection.5.34.2}% 414
\BOOKMARK [3][-]{subsubsection.5.34.2.5}{\376\377\0005\000.\0003\0004\000.\0002\000.\0005\000\040\000a\000u\000t\000h\000e\000n\000t\000i\000c\000a\000t\000e\000d}{subsection.5.34.2}% 415
\BOOKMARK [1][-]{section.5.35}{\376\377\0005\000.\0003\0005\000\040\000l\000i\000b\000/\000s\000t\000r\000o\000n\000y\000/\000a\000u\000t\000o\000r\000y\000z\000a\000c\000j\000a\000/\000p\000o\000n\000o\000w\000n\000e\000\137\000l\000o\000g\000o\000w\000a\000n\000i\000e\000.\000d\000a\000r\000t\000\040\000F\000i\000l\000e\000\040\000R\000e\000f\000e\000r\000e\000n\000c\000e}{chapter.5}% 416
\BOOKMARK [2][-]{subsection.5.35.1}{\376\377\0005\000.\0003\0005\000.\0001\000\040\000F\000u\000n\000c\000t\000i\000o\000n\000\040\000D\000o\000c\000u\000m\000e\000n\000t\000a\000t\000i\000o\000n}{section.5.35}% 417
\BOOKMARK [3][-]{subsubsection.5.35.1.1}{\376\377\0005\000.\0003\0005\000.\0001\000.\0001\000\040\000c\000h\000a\000n\000g\000e\000A\000c\000c\000o\000u\000n\000t\000\050\000\051}{subsection.5.35.1}% 418
\BOOKMARK [3][-]{subsubsection.5.35.1.2}{\376\377\0005\000.\0003\0005\000.\0001\000.\0002\000\040\000c\000r\000e\000a\000t\000e\000S\000t\000a\000t\000e\000\050\000\051}{subsection.5.35.1}% 419
\BOOKMARK [3][-]{subsubsection.5.35.1.3}{\376\377\0005\000.\0003\0005\000.\0001\000.\0003\000\040\000R\000e\000L\000o\000g\000I\000n\000\050\000\051}{subsection.5.35.1}% 420
\BOOKMARK [1][-]{section.5.36}{\376\377\0005\000.\0003\0006\000\040\000l\000i\000b\000/\000s\000t\000r\000o\000n\000y\000/\000a\000u\000t\000o\000r\000y\000z\000a\000c\000j\000a\000/\000r\000e\000j\000e\000s\000t\000r\000a\000c\000j\000a\000.\000d\000a\000r\000t\000\040\000F\000i\000l\000e\000\040\000R\000e\000f\000e\000r\000e\000n\000c\000e}{chapter.5}% 421
\BOOKMARK [2][-]{subsection.5.36.1}{\376\377\0005\000.\0003\0006\000.\0001\000\040\000F\000u\000n\000c\000t\000i\000o\000n\000\040\000D\000o\000c\000u\000m\000e\000n\000t\000a\000t\000i\000o\000n}{section.5.36}% 422
\BOOKMARK [3][-]{subsubsection.5.36.1.1}{\376\377\0005\000.\0003\0006\000.\0001\000.\0001\000\040\000b\000u\000i\000l\000d\000\050\000\051}{subsection.5.36.1}% 423
\BOOKMARK [2][-]{subsection.5.36.2}{\376\377\0005\000.\0003\0006\000.\0002\000\040\000V\000a\000r\000i\000a\000b\000l\000e\000\040\000D\000o\000c\000u\000m\000e\000n\000t\000a\000t\000i\000o\000n}{section.5.36}% 424
\BOOKMARK [3][-]{subsubsection.5.36.2.1}{\376\377\0005\000.\0003\0006\000.\0002\000.\0001\000\040\000\137\000e\000m\000a\000i\000l\000C\000o\000n\000t\000r\000o\000l\000l\000e\000r}{subsection.5.36.2}% 425
\BOOKMARK [3][-]{subsubsection.5.36.2.2}{\376\377\0005\000.\0003\0006\000.\0002\000.\0002\000\040\000\137\000e\000r\000r\000o\000r\000F\000e\000e\000d\000b\000a\000c\000k}{subsection.5.36.2}% 426
\BOOKMARK [3][-]{subsubsection.5.36.2.3}{\376\377\0005\000.\0003\0006\000.\0002\000.\0003\000\040\000\137\000f\000o\000r\000m\000K\000e\000y}{subsection.5.36.2}% 427
\BOOKMARK [3][-]{subsubsection.5.36.2.4}{\376\377\0005\000.\0003\0006\000.\0002\000.\0004\000\040\000\137\000p\000a\000s\000s\000w\000o\000r\000d\000C\000o\000n\000t\000r\000o\000l\000l\000e\000r}{subsection.5.36.2}% 428
\BOOKMARK [1][-]{section.5.37}{\376\377\0005\000.\0003\0007\000\040\000l\000i\000b\000/\000s\000t\000r\000o\000n\000y\000/\000a\000u\000t\000o\000r\000y\000z\000a\000c\000j\000a\000/\000w\000e\000l\000c\000o\000m\000e\000.\000d\000a\000r\000t\000\040\000F\000i\000l\000e\000\040\000R\000e\000f\000e\000r\000e\000n\000c\000e}{chapter.5}% 429
\BOOKMARK [1][-]{section.5.38}{\376\377\0005\000.\0003\0008\000\040\000l\000i\000b\000/\000s\000t\000r\000o\000n\000y\000/\000t\000e\000s\000t\000o\000w\000y\000.\000d\000a\000r\000t\000\040\000F\000i\000l\000e\000\040\000R\000e\000f\000e\000r\000e\000n\000c\000e}{chapter.5}% 430
\BOOKMARK [2][-]{subsection.5.38.1}{\376\377\0005\000.\0003\0008\000.\0001\000\040\000F\000u\000n\000c\000t\000i\000o\000n\000\040\000D\000o\000c\000u\000m\000e\000n\000t\000a\000t\000i\000o\000n}{section.5.38}% 431
\BOOKMARK [3][-]{subsubsection.5.38.1.1}{\376\377\0005\000.\0003\0008\000.\0001\000.\0001\000\040\000b\000u\000i\000l\000d\000\050\000\051}{subsection.5.38.1}% 432
\BOOKMARK [3][-]{subsubsection.5.38.1.2}{\376\377\0005\000.\0003\0008\000.\0001\000.\0002\000\040\000d\000e\000c\000o\000d\000e\000\050\000\051}{subsection.5.38.1}% 433
\BOOKMARK [3][-]{subsubsection.5.38.1.3}{\376\377\0005\000.\0003\0008\000.\0001\000.\0003\000\040\000d\000o\000w\000n\000l\000o\000a\000d\000P\000r\000o\000f\000i\000l\000e\000I\000m\000g\000\050\000\051}{subsection.5.38.1}% 434
\BOOKMARK [3][-]{subsubsection.5.38.1.4}{\376\377\0005\000.\0003\0008\000.\0001\000.\0004\000\040\000e\000n\000c\000o\000d\000e\000\050\000\051}{subsection.5.38.1}% 435
\BOOKMARK [3][-]{subsubsection.5.38.1.5}{\376\377\0005\000.\0003\0008\000.\0001\000.\0005\000\040\000e\000n\000c\000o\000d\000e\000B\000y\000t\000e\000s\000\050\000\051}{subsection.5.38.1}% 436
\BOOKMARK [3][-]{subsubsection.5.38.1.6}{\376\377\0005\000.\0003\0008\000.\0001\000.\0006\000\040\000u\000p\000d\000a\000t\000e\000P\000r\000o\000f\000i\000l\000e\000I\000m\000g\000\050\000\051}{subsection.5.38.1}% 437
\BOOKMARK [2][-]{subsection.5.38.2}{\376\377\0005\000.\0003\0008\000.\0002\000\040\000V\000a\000r\000i\000a\000b\000l\000e\000\040\000D\000o\000c\000u\000m\000e\000n\000t\000a\000t\000i\000o\000n}{section.5.38}% 438
\BOOKMARK [3][-]{subsubsection.5.38.2.1}{\376\377\0005\000.\0003\0008\000.\0002\000.\0001\000\040\000i\000m\000g}{subsection.5.38.2}% 439
\BOOKMARK [3][-]{subsubsection.5.38.2.2}{\376\377\0005\000.\0003\0008\000.\0002\000.\0002\000\040\000p\000i\000c\000k\000e\000d\000I\000m\000a\000g\000e\000B\000y\000t\000e\000s}{subsection.5.38.2}% 440
\BOOKMARK [1][-]{section.5.39}{\376\377\0005\000.\0003\0009\000\040\000l\000i\000b\000/\000t\000h\000e\000m\000e\000.\000d\000a\000r\000t\000\040\000F\000i\000l\000e\000\040\000R\000e\000f\000e\000r\000e\000n\000c\000e}{chapter.5}% 441
\BOOKMARK [2][-]{subsection.5.39.1}{\376\377\0005\000.\0003\0009\000.\0001\000\040\000V\000a\000r\000i\000a\000b\000l\000e\000\040\000D\000o\000c\000u\000m\000e\000n\000t\000a\000t\000i\000o\000n}{section.5.39}% 442
\BOOKMARK [3][-]{subsubsection.5.39.1.1}{\376\377\0005\000.\0003\0009\000.\0001\000.\0001\000\040\000p\000r\000i\000m\000a\000r\000y\000T\000h\000e\000m\000e}{subsection.5.39.1}% 443
\BOOKMARK [1][-]{section.5.40}{\376\377\0005\000.\0004\0000\000\040\000R\000E\000A\000D\000M\000E\000.\000m\000d\000\040\000F\000i\000l\000e\000\040\000R\000e\000f\000e\000r\000e\000n\000c\000e}{chapter.5}% 444
\BOOKMARK [1][-]{section.5.41}{\376\377\0005\000.\0004\0001\000\040\000t\000e\000s\000t\000/\000w\000i\000d\000g\000e\000t\000\137\000t\000e\000s\000t\000.\000d\000a\000r\000t\000\040\000F\000i\000l\000e\000\040\000R\000e\000f\000e\000r\000e\000n\000c\000e}{chapter.5}% 445
\BOOKMARK [2][-]{subsection.5.41.1}{\376\377\0005\000.\0004\0001\000.\0001\000\040\000F\000u\000n\000c\000t\000i\000o\000n\000\040\000D\000o\000c\000u\000m\000e\000n\000t\000a\000t\000i\000o\000n}{section.5.41}% 446
\BOOKMARK [3][-]{subsubsection.5.41.1.1}{\376\377\0005\000.\0004\0001\000.\0001\000.\0001\000\040\000m\000a\000i\000n\000\050\000\051}{subsection.5.41.1}% 447
\BOOKMARK [0][-]{section*.108}{\376\377\000I\000n\000d\000e\000x}{}% 448
